The system is: Linux - 3.8.0-33-generic - x86_64
Compiling the C compiler identification source file "CMakeCCompilerId.c" succeeded.
Compiler: /usr/bin/cc 
Build flags: 
Id flags: 

The output was:
0


Compilation of the C compiler identification source "CMakeCCompilerId.c" produced "a.out"

The C compiler identification is GNU, found in "/home/amsl/AMSL_ros_pkg/chibi13_control/CMakeFiles/2.8.10.1/CompilerIdC/a.out"

Compiling the CXX compiler identification source file "CMakeCXXCompilerId.cpp" succeeded.
Compiler: /usr/bin/c++ 
Build flags: 
Id flags: 

The output was:
0


Compilation of the CXX compiler identification source "CMakeCXXCompilerId.cpp" produced "a.out"

The CXX compiler identification is GNU, found in "/home/amsl/AMSL_ros_pkg/chibi13_control/CMakeFiles/2.8.10.1/CompilerIdCXX/a.out"

Determining if the C compiler works passed with the following output:
Change Dir: /home/amsl/AMSL_ros_pkg/chibi13_control/CMakeFiles/CMakeTmp

Run Build Command:/usr/bin/make "cmTryCompileExec562432268/fast"
/usr/bin/make -f CMakeFiles/cmTryCompileExec562432268.dir/build.make CMakeFiles/cmTryCompileExec562432268.dir/build
make[1]: ディレクトリ `/home/amsl/AMSL_ros_pkg/chibi13_control/CMakeFiles/CMakeTmp' に入ります
/usr/bin/cmake -E cmake_progress_report /home/amsl/AMSL_ros_pkg/chibi13_control/CMakeFiles/CMakeTmp/CMakeFiles 1
Building C object CMakeFiles/cmTryCompileExec562432268.dir/testCCompiler.c.o
/usr/bin/cc    -o CMakeFiles/cmTryCompileExec562432268.dir/testCCompiler.c.o   -c /home/amsl/AMSL_ros_pkg/chibi13_control/CMakeFiles/CMakeTmp/testCCompiler.c
Linking C executable cmTryCompileExec562432268
/usr/bin/cmake -E cmake_link_script CMakeFiles/cmTryCompileExec562432268.dir/link.txt --verbose=1
/usr/bin/cc         CMakeFiles/cmTryCompileExec562432268.dir/testCCompiler.c.o  -o cmTryCompileExec562432268 -rdynamic 
make[1]: ディレクトリ `/home/amsl/AMSL_ros_pkg/chibi13_control/CMakeFiles/CMakeTmp' から出ます


Detecting C compiler ABI info compiled with the following output:
Change Dir: /home/amsl/AMSL_ros_pkg/chibi13_control/CMakeFiles/CMakeTmp

Run Build Command:/usr/bin/make "cmTryCompileExec2780465397/fast"
/usr/bin/make -f CMakeFiles/cmTryCompileExec2780465397.dir/build.make CMakeFiles/cmTryCompileExec2780465397.dir/build
make[1]: ディレクトリ `/home/amsl/AMSL_ros_pkg/chibi13_control/CMakeFiles/CMakeTmp' に入ります
/usr/bin/cmake -E cmake_progress_report /home/amsl/AMSL_ros_pkg/chibi13_control/CMakeFiles/CMakeTmp/CMakeFiles 1
Building C object CMakeFiles/cmTryCompileExec2780465397.dir/CMakeCCompilerABI.c.o
/usr/bin/cc    -o CMakeFiles/cmTryCompileExec2780465397.dir/CMakeCCompilerABI.c.o   -c /usr/share/cmake-2.8/Modules/CMakeCCompilerABI.c
Linking C executable cmTryCompileExec2780465397
/usr/bin/cmake -E cmake_link_script CMakeFiles/cmTryCompileExec2780465397.dir/link.txt --verbose=1
/usr/bin/cc       -v CMakeFiles/cmTryCompileExec2780465397.dir/CMakeCCompilerABI.c.o  -o cmTryCompileExec2780465397 -rdynamic  
組み込み spec を使用しています。
COLLECT_GCC=/usr/bin/cc
COLLECT_LTO_WRAPPER=/usr/lib/gcc/x86_64-linux-gnu/4.7/lto-wrapper
ターゲット: x86_64-linux-gnu
configure 設定: ../src/configure -v --with-pkgversion='Ubuntu/Linaro 4.7.3-1ubuntu1' --with-bugurl=file:///usr/share/doc/gcc-4.7/README.Bugs --enable-languages=c,c++,go,fortran,objc,obj-c++ --prefix=/usr --program-suffix=-4.7 --enable-shared --enable-linker-build-id --libexecdir=/usr/lib --without-included-gettext --enable-threads=posix --with-gxx-include-dir=/usr/include/c++/4.7 --libdir=/usr/lib --enable-nls --with-sysroot=/ --enable-clocale=gnu --enable-libstdcxx-debug --enable-libstdcxx-time=yes --enable-gnu-unique-object --enable-plugin --with-system-zlib --enable-objc-gc --with-cloog --enable-cloog-backend=ppl --disable-cloog-version-check --disable-ppl-version-check --enable-multiarch --disable-werror --with-arch-32=i686 --with-abi=m64 --with-multilib-list=m32,m64,mx32 --with-tune=generic --enable-checking=release --build=x86_64-linux-gnu --host=x86_64-linux-gnu --target=x86_64-linux-gnu
スレッドモデル: posix
gcc バージョン 4.7.3 (Ubuntu/Linaro 4.7.3-1ubuntu1) 
COMPILER_PATH=/usr/lib/gcc/x86_64-linux-gnu/4.7/:/usr/lib/gcc/x86_64-linux-gnu/4.7/:/usr/lib/gcc/x86_64-linux-gnu/:/usr/lib/gcc/x86_64-linux-gnu/4.7/:/usr/lib/gcc/x86_64-linux-gnu/
LIBRARY_PATH=/usr/lib/gcc/x86_64-linux-gnu/4.7/:/usr/lib/gcc/x86_64-linux-gnu/4.7/../../../x86_64-linux-gnu/:/usr/lib/gcc/x86_64-linux-gnu/4.7/../../../../lib/:/lib/x86_64-linux-gnu/:/lib/../lib/:/usr/lib/x86_64-linux-gnu/:/usr/lib/../lib/:/usr/lib/gcc/x86_64-linux-gnu/4.7/../../../:/lib/:/usr/lib/
COLLECT_GCC_OPTIONS='-v' '-o' 'cmTryCompileExec2780465397' '-rdynamic' '-mtune=generic' '-march=x86-64'
 /usr/lib/gcc/x86_64-linux-gnu/4.7/collect2 --sysroot=/ --build-id --eh-frame-hdr -m elf_x86_64 --hash-style=gnu --as-needed -export-dynamic -dynamic-linker /lib64/ld-linux-x86-64.so.2 -z relro -o cmTryCompileExec2780465397 /usr/lib/gcc/x86_64-linux-gnu/4.7/../../../x86_64-linux-gnu/crt1.o /usr/lib/gcc/x86_64-linux-gnu/4.7/../../../x86_64-linux-gnu/crti.o /usr/lib/gcc/x86_64-linux-gnu/4.7/crtbegin.o -L/usr/lib/gcc/x86_64-linux-gnu/4.7 -L/usr/lib/gcc/x86_64-linux-gnu/4.7/../../../x86_64-linux-gnu -L/usr/lib/gcc/x86_64-linux-gnu/4.7/../../../../lib -L/lib/x86_64-linux-gnu -L/lib/../lib -L/usr/lib/x86_64-linux-gnu -L/usr/lib/../lib -L/usr/lib/gcc/x86_64-linux-gnu/4.7/../../.. CMakeFiles/cmTryCompileExec2780465397.dir/CMakeCCompilerABI.c.o -lgcc --as-needed -lgcc_s --no-as-needed -lc -lgcc --as-needed -lgcc_s --no-as-needed /usr/lib/gcc/x86_64-linux-gnu/4.7/crtend.o /usr/lib/gcc/x86_64-linux-gnu/4.7/../../../x86_64-linux-gnu/crtn.o
make[1]: ディレクトリ `/home/amsl/AMSL_ros_pkg/chibi13_control/CMakeFiles/CMakeTmp' から出ます


Parsed C implicit link information from above output:
  link line regex: [^( *|.*[/\])(ld|ld|collect2)[^/\]*( |$)]
  ignore line: [Change Dir: /home/amsl/AMSL_ros_pkg/chibi13_control/CMakeFiles/CMakeTmp]
  ignore line: []
  ignore line: [Run Build Command:/usr/bin/make "cmTryCompileExec2780465397/fast"]
  ignore line: [/usr/bin/make -f CMakeFiles/cmTryCompileExec2780465397.dir/build.make CMakeFiles/cmTryCompileExec2780465397.dir/build]
  ignore line: [make[1]: ディレクトリ `/home/amsl/AMSL_ros_pkg/chibi13_control/CMakeFiles/CMakeTmp' に入ります]
  ignore line: [/usr/bin/cmake -E cmake_progress_report /home/amsl/AMSL_ros_pkg/chibi13_control/CMakeFiles/CMakeTmp/CMakeFiles 1]
  ignore line: [Building C object CMakeFiles/cmTryCompileExec2780465397.dir/CMakeCCompilerABI.c.o]
  ignore line: [/usr/bin/cc    -o CMakeFiles/cmTryCompileExec2780465397.dir/CMakeCCompilerABI.c.o   -c /usr/share/cmake-2.8/Modules/CMakeCCompilerABI.c]
  ignore line: [Linking C executable cmTryCompileExec2780465397]
  ignore line: [/usr/bin/cmake -E cmake_link_script CMakeFiles/cmTryCompileExec2780465397.dir/link.txt --verbose=1]
  ignore line: [/usr/bin/cc       -v CMakeFiles/cmTryCompileExec2780465397.dir/CMakeCCompilerABI.c.o  -o cmTryCompileExec2780465397 -rdynamic  ]
  ignore line: [組み込み spec を使用しています。]
  ignore line: [COLLECT_GCC=/usr/bin/cc]
  ignore line: [COLLECT_LTO_WRAPPER=/usr/lib/gcc/x86_64-linux-gnu/4.7/lto-wrapper]
  ignore line: [ターゲット: x86_64-linux-gnu]
  ignore line: [configure 設定: ../src/configure -v --with-pkgversion='Ubuntu/Linaro 4.7.3-1ubuntu1' --with-bugurl=file:///usr/share/doc/gcc-4.7/README.Bugs --enable-languages=c,c++,go,fortran,objc,obj-c++ --prefix=/usr --program-suffix=-4.7 --enable-shared --enable-linker-build-id --libexecdir=/usr/lib --without-included-gettext --enable-threads=posix --with-gxx-include-dir=/usr/include/c++/4.7 --libdir=/usr/lib --enable-nls --with-sysroot=/ --enable-clocale=gnu --enable-libstdcxx-debug --enable-libstdcxx-time=yes --enable-gnu-unique-object --enable-plugin --with-system-zlib --enable-objc-gc --with-cloog --enable-cloog-backend=ppl --disable-cloog-version-check --disable-ppl-version-check --enable-multiarch --disable-werror --with-arch-32=i686 --with-abi=m64 --with-multilib-list=m32,m64,mx32 --with-tune=generic --enable-checking=release --build=x86_64-linux-gnu --host=x86_64-linux-gnu --target=x86_64-linux-gnu]
  ignore line: [スレッドモデル: posix]
  ignore line: [gcc バージョン 4.7.3 (Ubuntu/Linaro 4.7.3-1ubuntu1) ]
  ignore line: [COMPILER_PATH=/usr/lib/gcc/x86_64-linux-gnu/4.7/:/usr/lib/gcc/x86_64-linux-gnu/4.7/:/usr/lib/gcc/x86_64-linux-gnu/:/usr/lib/gcc/x86_64-linux-gnu/4.7/:/usr/lib/gcc/x86_64-linux-gnu/]
  ignore line: [LIBRARY_PATH=/usr/lib/gcc/x86_64-linux-gnu/4.7/:/usr/lib/gcc/x86_64-linux-gnu/4.7/../../../x86_64-linux-gnu/:/usr/lib/gcc/x86_64-linux-gnu/4.7/../../../../lib/:/lib/x86_64-linux-gnu/:/lib/../lib/:/usr/lib/x86_64-linux-gnu/:/usr/lib/../lib/:/usr/lib/gcc/x86_64-linux-gnu/4.7/../../../:/lib/:/usr/lib/]
  ignore line: [COLLECT_GCC_OPTIONS='-v' '-o' 'cmTryCompileExec2780465397' '-rdynamic' '-mtune=generic' '-march=x86-64']
  link line: [ /usr/lib/gcc/x86_64-linux-gnu/4.7/collect2 --sysroot=/ --build-id --eh-frame-hdr -m elf_x86_64 --hash-style=gnu --as-needed -export-dynamic -dynamic-linker /lib64/ld-linux-x86-64.so.2 -z relro -o cmTryCompileExec2780465397 /usr/lib/gcc/x86_64-linux-gnu/4.7/../../../x86_64-linux-gnu/crt1.o /usr/lib/gcc/x86_64-linux-gnu/4.7/../../../x86_64-linux-gnu/crti.o /usr/lib/gcc/x86_64-linux-gnu/4.7/crtbegin.o -L/usr/lib/gcc/x86_64-linux-gnu/4.7 -L/usr/lib/gcc/x86_64-linux-gnu/4.7/../../../x86_64-linux-gnu -L/usr/lib/gcc/x86_64-linux-gnu/4.7/../../../../lib -L/lib/x86_64-linux-gnu -L/lib/../lib -L/usr/lib/x86_64-linux-gnu -L/usr/lib/../lib -L/usr/lib/gcc/x86_64-linux-gnu/4.7/../../.. CMakeFiles/cmTryCompileExec2780465397.dir/CMakeCCompilerABI.c.o -lgcc --as-needed -lgcc_s --no-as-needed -lc -lgcc --as-needed -lgcc_s --no-as-needed /usr/lib/gcc/x86_64-linux-gnu/4.7/crtend.o /usr/lib/gcc/x86_64-linux-gnu/4.7/../../../x86_64-linux-gnu/crtn.o]
    arg [/usr/lib/gcc/x86_64-linux-gnu/4.7/collect2] ==> ignore
    arg [--sysroot=/] ==> ignore
    arg [--build-id] ==> ignore
    arg [--eh-frame-hdr] ==> ignore
    arg [-m] ==> ignore
    arg [elf_x86_64] ==> ignore
    arg [--hash-style=gnu] ==> ignore
    arg [--as-needed] ==> ignore
    arg [-export-dynamic] ==> ignore
    arg [-dynamic-linker] ==> ignore
    arg [/lib64/ld-linux-x86-64.so.2] ==> ignore
    arg [-zrelro] ==> ignore
    arg [-o] ==> ignore
    arg [cmTryCompileExec2780465397] ==> ignore
    arg [/usr/lib/gcc/x86_64-linux-gnu/4.7/../../../x86_64-linux-gnu/crt1.o] ==> ignore
    arg [/usr/lib/gcc/x86_64-linux-gnu/4.7/../../../x86_64-linux-gnu/crti.o] ==> ignore
    arg [/usr/lib/gcc/x86_64-linux-gnu/4.7/crtbegin.o] ==> ignore
    arg [-L/usr/lib/gcc/x86_64-linux-gnu/4.7] ==> dir [/usr/lib/gcc/x86_64-linux-gnu/4.7]
    arg [-L/usr/lib/gcc/x86_64-linux-gnu/4.7/../../../x86_64-linux-gnu] ==> dir [/usr/lib/gcc/x86_64-linux-gnu/4.7/../../../x86_64-linux-gnu]
    arg [-L/usr/lib/gcc/x86_64-linux-gnu/4.7/../../../../lib] ==> dir [/usr/lib/gcc/x86_64-linux-gnu/4.7/../../../../lib]
    arg [-L/lib/x86_64-linux-gnu] ==> dir [/lib/x86_64-linux-gnu]
    arg [-L/lib/../lib] ==> dir [/lib/../lib]
    arg [-L/usr/lib/x86_64-linux-gnu] ==> dir [/usr/lib/x86_64-linux-gnu]
    arg [-L/usr/lib/../lib] ==> dir [/usr/lib/../lib]
    arg [-L/usr/lib/gcc/x86_64-linux-gnu/4.7/../../..] ==> dir [/usr/lib/gcc/x86_64-linux-gnu/4.7/../../..]
    arg [CMakeFiles/cmTryCompileExec2780465397.dir/CMakeCCompilerABI.c.o] ==> ignore
    arg [-lgcc] ==> lib [gcc]
    arg [--as-needed] ==> ignore
    arg [-lgcc_s] ==> lib [gcc_s]
    arg [--no-as-needed] ==> ignore
    arg [-lc] ==> lib [c]
    arg [-lgcc] ==> lib [gcc]
    arg [--as-needed] ==> ignore
    arg [-lgcc_s] ==> lib [gcc_s]
    arg [--no-as-needed] ==> ignore
    arg [/usr/lib/gcc/x86_64-linux-gnu/4.7/crtend.o] ==> ignore
    arg [/usr/lib/gcc/x86_64-linux-gnu/4.7/../../../x86_64-linux-gnu/crtn.o] ==> ignore
  remove lib [gcc]
  remove lib [gcc_s]
  remove lib [gcc]
  remove lib [gcc_s]
  collapse dir [/usr/lib/gcc/x86_64-linux-gnu/4.7] ==> [/usr/lib/gcc/x86_64-linux-gnu/4.7]
  collapse dir [/usr/lib/gcc/x86_64-linux-gnu/4.7/../../../x86_64-linux-gnu] ==> [/usr/lib/x86_64-linux-gnu]
  collapse dir [/usr/lib/gcc/x86_64-linux-gnu/4.7/../../../../lib] ==> [/usr/lib]
  collapse dir [/lib/x86_64-linux-gnu] ==> [/lib/x86_64-linux-gnu]
  collapse dir [/lib/../lib] ==> [/lib]
  collapse dir [/usr/lib/x86_64-linux-gnu] ==> [/usr/lib/x86_64-linux-gnu]
  collapse dir [/usr/lib/../lib] ==> [/usr/lib]
  collapse dir [/usr/lib/gcc/x86_64-linux-gnu/4.7/../../..] ==> [/usr/lib]
  implicit libs: [c]
  implicit dirs: [/usr/lib/gcc/x86_64-linux-gnu/4.7;/usr/lib/x86_64-linux-gnu;/usr/lib;/lib/x86_64-linux-gnu;/lib]


Determining if the CXX compiler works passed with the following output:
Change Dir: /home/amsl/AMSL_ros_pkg/chibi13_control/CMakeFiles/CMakeTmp

Run Build Command:/usr/bin/make "cmTryCompileExec481102576/fast"
/usr/bin/make -f CMakeFiles/cmTryCompileExec481102576.dir/build.make CMakeFiles/cmTryCompileExec481102576.dir/build
make[1]: ディレクトリ `/home/amsl/AMSL_ros_pkg/chibi13_control/CMakeFiles/CMakeTmp' に入ります
/usr/bin/cmake -E cmake_progress_report /home/amsl/AMSL_ros_pkg/chibi13_control/CMakeFiles/CMakeTmp/CMakeFiles 1
Building CXX object CMakeFiles/cmTryCompileExec481102576.dir/testCXXCompiler.cxx.o
/usr/bin/c++     -o CMakeFiles/cmTryCompileExec481102576.dir/testCXXCompiler.cxx.o -c /home/amsl/AMSL_ros_pkg/chibi13_control/CMakeFiles/CMakeTmp/testCXXCompiler.cxx
Linking CXX executable cmTryCompileExec481102576
/usr/bin/cmake -E cmake_link_script CMakeFiles/cmTryCompileExec481102576.dir/link.txt --verbose=1
/usr/bin/c++          CMakeFiles/cmTryCompileExec481102576.dir/testCXXCompiler.cxx.o  -o cmTryCompileExec481102576 -rdynamic 
make[1]: ディレクトリ `/home/amsl/AMSL_ros_pkg/chibi13_control/CMakeFiles/CMakeTmp' から出ます


Detecting CXX compiler ABI info compiled with the following output:
Change Dir: /home/amsl/AMSL_ros_pkg/chibi13_control/CMakeFiles/CMakeTmp

Run Build Command:/usr/bin/make "cmTryCompileExec667810926/fast"
/usr/bin/make -f CMakeFiles/cmTryCompileExec667810926.dir/build.make CMakeFiles/cmTryCompileExec667810926.dir/build
make[1]: ディレクトリ `/home/amsl/AMSL_ros_pkg/chibi13_control/CMakeFiles/CMakeTmp' に入ります
/usr/bin/cmake -E cmake_progress_report /home/amsl/AMSL_ros_pkg/chibi13_control/CMakeFiles/CMakeTmp/CMakeFiles 1
Building CXX object CMakeFiles/cmTryCompileExec667810926.dir/CMakeCXXCompilerABI.cpp.o
/usr/bin/c++     -o CMakeFiles/cmTryCompileExec667810926.dir/CMakeCXXCompilerABI.cpp.o -c /usr/share/cmake-2.8/Modules/CMakeCXXCompilerABI.cpp
Linking CXX executable cmTryCompileExec667810926
/usr/bin/cmake -E cmake_link_script CMakeFiles/cmTryCompileExec667810926.dir/link.txt --verbose=1
/usr/bin/c++        -v CMakeFiles/cmTryCompileExec667810926.dir/CMakeCXXCompilerABI.cpp.o  -o cmTryCompileExec667810926 -rdynamic  
組み込み spec を使用しています。
COLLECT_GCC=/usr/bin/c++
COLLECT_LTO_WRAPPER=/usr/lib/gcc/x86_64-linux-gnu/4.7/lto-wrapper
ターゲット: x86_64-linux-gnu
configure 設定: ../src/configure -v --with-pkgversion='Ubuntu/Linaro 4.7.3-1ubuntu1' --with-bugurl=file:///usr/share/doc/gcc-4.7/README.Bugs --enable-languages=c,c++,go,fortran,objc,obj-c++ --prefix=/usr --program-suffix=-4.7 --enable-shared --enable-linker-build-id --libexecdir=/usr/lib --without-included-gettext --enable-threads=posix --with-gxx-include-dir=/usr/include/c++/4.7 --libdir=/usr/lib --enable-nls --with-sysroot=/ --enable-clocale=gnu --enable-libstdcxx-debug --enable-libstdcxx-time=yes --enable-gnu-unique-object --enable-plugin --with-system-zlib --enable-objc-gc --with-cloog --enable-cloog-backend=ppl --disable-cloog-version-check --disable-ppl-version-check --enable-multiarch --disable-werror --with-arch-32=i686 --with-abi=m64 --with-multilib-list=m32,m64,mx32 --with-tune=generic --enable-checking=release --build=x86_64-linux-gnu --host=x86_64-linux-gnu --target=x86_64-linux-gnu
スレッドモデル: posix
gcc バージョン 4.7.3 (Ubuntu/Linaro 4.7.3-1ubuntu1) 
COMPILER_PATH=/usr/lib/gcc/x86_64-linux-gnu/4.7/:/usr/lib/gcc/x86_64-linux-gnu/4.7/:/usr/lib/gcc/x86_64-linux-gnu/:/usr/lib/gcc/x86_64-linux-gnu/4.7/:/usr/lib/gcc/x86_64-linux-gnu/
LIBRARY_PATH=/usr/lib/gcc/x86_64-linux-gnu/4.7/:/usr/lib/gcc/x86_64-linux-gnu/4.7/../../../x86_64-linux-gnu/:/usr/lib/gcc/x86_64-linux-gnu/4.7/../../../../lib/:/lib/x86_64-linux-gnu/:/lib/../lib/:/usr/lib/x86_64-linux-gnu/:/usr/lib/../lib/:/usr/lib/gcc/x86_64-linux-gnu/4.7/../../../:/lib/:/usr/lib/
COLLECT_GCC_OPTIONS='-v' '-o' 'cmTryCompileExec667810926' '-rdynamic' '-shared-libgcc' '-mtune=generic' '-march=x86-64'
 /usr/lib/gcc/x86_64-linux-gnu/4.7/collect2 --sysroot=/ --build-id --eh-frame-hdr -m elf_x86_64 --hash-style=gnu --as-needed -export-dynamic -dynamic-linker /lib64/ld-linux-x86-64.so.2 -z relro -o cmTryCompileExec667810926 /usr/lib/gcc/x86_64-linux-gnu/4.7/../../../x86_64-linux-gnu/crt1.o /usr/lib/gcc/x86_64-linux-gnu/4.7/../../../x86_64-linux-gnu/crti.o /usr/lib/gcc/x86_64-linux-gnu/4.7/crtbegin.o -L/usr/lib/gcc/x86_64-linux-gnu/4.7 -L/usr/lib/gcc/x86_64-linux-gnu/4.7/../../../x86_64-linux-gnu -L/usr/lib/gcc/x86_64-linux-gnu/4.7/../../../../lib -L/lib/x86_64-linux-gnu -L/lib/../lib -L/usr/lib/x86_64-linux-gnu -L/usr/lib/../lib -L/usr/lib/gcc/x86_64-linux-gnu/4.7/../../.. CMakeFiles/cmTryCompileExec667810926.dir/CMakeCXXCompilerABI.cpp.o -lstdc++ -lm -lgcc_s -lgcc -lc -lgcc_s -lgcc /usr/lib/gcc/x86_64-linux-gnu/4.7/crtend.o /usr/lib/gcc/x86_64-linux-gnu/4.7/../../../x86_64-linux-gnu/crtn.o
make[1]: ディレクトリ `/home/amsl/AMSL_ros_pkg/chibi13_control/CMakeFiles/CMakeTmp' から出ます


Parsed CXX implicit link information from above output:
  link line regex: [^( *|.*[/\])(ld|ld|collect2)[^/\]*( |$)]
  ignore line: [Change Dir: /home/amsl/AMSL_ros_pkg/chibi13_control/CMakeFiles/CMakeTmp]
  ignore line: []
  ignore line: [Run Build Command:/usr/bin/make "cmTryCompileExec667810926/fast"]
  ignore line: [/usr/bin/make -f CMakeFiles/cmTryCompileExec667810926.dir/build.make CMakeFiles/cmTryCompileExec667810926.dir/build]
  ignore line: [make[1]: ディレクトリ `/home/amsl/AMSL_ros_pkg/chibi13_control/CMakeFiles/CMakeTmp' に入ります]
  ignore line: [/usr/bin/cmake -E cmake_progress_report /home/amsl/AMSL_ros_pkg/chibi13_control/CMakeFiles/CMakeTmp/CMakeFiles 1]
  ignore line: [Building CXX object CMakeFiles/cmTryCompileExec667810926.dir/CMakeCXXCompilerABI.cpp.o]
  ignore line: [/usr/bin/c++     -o CMakeFiles/cmTryCompileExec667810926.dir/CMakeCXXCompilerABI.cpp.o -c /usr/share/cmake-2.8/Modules/CMakeCXXCompilerABI.cpp]
  ignore line: [Linking CXX executable cmTryCompileExec667810926]
  ignore line: [/usr/bin/cmake -E cmake_link_script CMakeFiles/cmTryCompileExec667810926.dir/link.txt --verbose=1]
  ignore line: [/usr/bin/c++        -v CMakeFiles/cmTryCompileExec667810926.dir/CMakeCXXCompilerABI.cpp.o  -o cmTryCompileExec667810926 -rdynamic  ]
  ignore line: [組み込み spec を使用しています。]
  ignore line: [COLLECT_GCC=/usr/bin/c++]
  ignore line: [COLLECT_LTO_WRAPPER=/usr/lib/gcc/x86_64-linux-gnu/4.7/lto-wrapper]
  ignore line: [ターゲット: x86_64-linux-gnu]
  ignore line: [configure 設定: ../src/configure -v --with-pkgversion='Ubuntu/Linaro 4.7.3-1ubuntu1' --with-bugurl=file:///usr/share/doc/gcc-4.7/README.Bugs --enable-languages=c,c++,go,fortran,objc,obj-c++ --prefix=/usr --program-suffix=-4.7 --enable-shared --enable-linker-build-id --libexecdir=/usr/lib --without-included-gettext --enable-threads=posix --with-gxx-include-dir=/usr/include/c++/4.7 --libdir=/usr/lib --enable-nls --with-sysroot=/ --enable-clocale=gnu --enable-libstdcxx-debug --enable-libstdcxx-time=yes --enable-gnu-unique-object --enable-plugin --with-system-zlib --enable-objc-gc --with-cloog --enable-cloog-backend=ppl --disable-cloog-version-check --disable-ppl-version-check --enable-multiarch --disable-werror --with-arch-32=i686 --with-abi=m64 --with-multilib-list=m32,m64,mx32 --with-tune=generic --enable-checking=release --build=x86_64-linux-gnu --host=x86_64-linux-gnu --target=x86_64-linux-gnu]
  ignore line: [スレッドモデル: posix]
  ignore line: [gcc バージョン 4.7.3 (Ubuntu/Linaro 4.7.3-1ubuntu1) ]
  ignore line: [COMPILER_PATH=/usr/lib/gcc/x86_64-linux-gnu/4.7/:/usr/lib/gcc/x86_64-linux-gnu/4.7/:/usr/lib/gcc/x86_64-linux-gnu/:/usr/lib/gcc/x86_64-linux-gnu/4.7/:/usr/lib/gcc/x86_64-linux-gnu/]
  ignore line: [LIBRARY_PATH=/usr/lib/gcc/x86_64-linux-gnu/4.7/:/usr/lib/gcc/x86_64-linux-gnu/4.7/../../../x86_64-linux-gnu/:/usr/lib/gcc/x86_64-linux-gnu/4.7/../../../../lib/:/lib/x86_64-linux-gnu/:/lib/../lib/:/usr/lib/x86_64-linux-gnu/:/usr/lib/../lib/:/usr/lib/gcc/x86_64-linux-gnu/4.7/../../../:/lib/:/usr/lib/]
  ignore line: [COLLECT_GCC_OPTIONS='-v' '-o' 'cmTryCompileExec667810926' '-rdynamic' '-shared-libgcc' '-mtune=generic' '-march=x86-64']
  link line: [ /usr/lib/gcc/x86_64-linux-gnu/4.7/collect2 --sysroot=/ --build-id --eh-frame-hdr -m elf_x86_64 --hash-style=gnu --as-needed -export-dynamic -dynamic-linker /lib64/ld-linux-x86-64.so.2 -z relro -o cmTryCompileExec667810926 /usr/lib/gcc/x86_64-linux-gnu/4.7/../../../x86_64-linux-gnu/crt1.o /usr/lib/gcc/x86_64-linux-gnu/4.7/../../../x86_64-linux-gnu/crti.o /usr/lib/gcc/x86_64-linux-gnu/4.7/crtbegin.o -L/usr/lib/gcc/x86_64-linux-gnu/4.7 -L/usr/lib/gcc/x86_64-linux-gnu/4.7/../../../x86_64-linux-gnu -L/usr/lib/gcc/x86_64-linux-gnu/4.7/../../../../lib -L/lib/x86_64-linux-gnu -L/lib/../lib -L/usr/lib/x86_64-linux-gnu -L/usr/lib/../lib -L/usr/lib/gcc/x86_64-linux-gnu/4.7/../../.. CMakeFiles/cmTryCompileExec667810926.dir/CMakeCXXCompilerABI.cpp.o -lstdc++ -lm -lgcc_s -lgcc -lc -lgcc_s -lgcc /usr/lib/gcc/x86_64-linux-gnu/4.7/crtend.o /usr/lib/gcc/x86_64-linux-gnu/4.7/../../../x86_64-linux-gnu/crtn.o]
    arg [/usr/lib/gcc/x86_64-linux-gnu/4.7/collect2] ==> ignore
    arg [--sysroot=/] ==> ignore
    arg [--build-id] ==> ignore
    arg [--eh-frame-hdr] ==> ignore
    arg [-m] ==> ignore
    arg [elf_x86_64] ==> ignore
    arg [--hash-style=gnu] ==> ignore
    arg [--as-needed] ==> ignore
    arg [-export-dynamic] ==> ignore
    arg [-dynamic-linker] ==> ignore
    arg [/lib64/ld-linux-x86-64.so.2] ==> ignore
    arg [-zrelro] ==> ignore
    arg [-o] ==> ignore
    arg [cmTryCompileExec667810926] ==> ignore
    arg [/usr/lib/gcc/x86_64-linux-gnu/4.7/../../../x86_64-linux-gnu/crt1.o] ==> ignore
    arg [/usr/lib/gcc/x86_64-linux-gnu/4.7/../../../x86_64-linux-gnu/crti.o] ==> ignore
    arg [/usr/lib/gcc/x86_64-linux-gnu/4.7/crtbegin.o] ==> ignore
    arg [-L/usr/lib/gcc/x86_64-linux-gnu/4.7] ==> dir [/usr/lib/gcc/x86_64-linux-gnu/4.7]
    arg [-L/usr/lib/gcc/x86_64-linux-gnu/4.7/../../../x86_64-linux-gnu] ==> dir [/usr/lib/gcc/x86_64-linux-gnu/4.7/../../../x86_64-linux-gnu]
    arg [-L/usr/lib/gcc/x86_64-linux-gnu/4.7/../../../../lib] ==> dir [/usr/lib/gcc/x86_64-linux-gnu/4.7/../../../../lib]
    arg [-L/lib/x86_64-linux-gnu] ==> dir [/lib/x86_64-linux-gnu]
    arg [-L/lib/../lib] ==> dir [/lib/../lib]
    arg [-L/usr/lib/x86_64-linux-gnu] ==> dir [/usr/lib/x86_64-linux-gnu]
    arg [-L/usr/lib/../lib] ==> dir [/usr/lib/../lib]
    arg [-L/usr/lib/gcc/x86_64-linux-gnu/4.7/../../..] ==> dir [/usr/lib/gcc/x86_64-linux-gnu/4.7/../../..]
    arg [CMakeFiles/cmTryCompileExec667810926.dir/CMakeCXXCompilerABI.cpp.o] ==> ignore
    arg [-lstdc++] ==> lib [stdc++]
    arg [-lm] ==> lib [m]
    arg [-lgcc_s] ==> lib [gcc_s]
    arg [-lgcc] ==> lib [gcc]
    arg [-lc] ==> lib [c]
    arg [-lgcc_s] ==> lib [gcc_s]
    arg [-lgcc] ==> lib [gcc]
    arg [/usr/lib/gcc/x86_64-linux-gnu/4.7/crtend.o] ==> ignore
    arg [/usr/lib/gcc/x86_64-linux-gnu/4.7/../../../x86_64-linux-gnu/crtn.o] ==> ignore
  remove lib [gcc_s]
  remove lib [gcc]
  remove lib [gcc_s]
  remove lib [gcc]
  collapse dir [/usr/lib/gcc/x86_64-linux-gnu/4.7] ==> [/usr/lib/gcc/x86_64-linux-gnu/4.7]
  collapse dir [/usr/lib/gcc/x86_64-linux-gnu/4.7/../../../x86_64-linux-gnu] ==> [/usr/lib/x86_64-linux-gnu]
  collapse dir [/usr/lib/gcc/x86_64-linux-gnu/4.7/../../../../lib] ==> [/usr/lib]
  collapse dir [/lib/x86_64-linux-gnu] ==> [/lib/x86_64-linux-gnu]
  collapse dir [/lib/../lib] ==> [/lib]
  collapse dir [/usr/lib/x86_64-linux-gnu] ==> [/usr/lib/x86_64-linux-gnu]
  collapse dir [/usr/lib/../lib] ==> [/usr/lib]
  collapse dir [/usr/lib/gcc/x86_64-linux-gnu/4.7/../../..] ==> [/usr/lib]
  implicit libs: [stdc++;m;c]
  implicit dirs: [/usr/lib/gcc/x86_64-linux-gnu/4.7;/usr/lib/x86_64-linux-gnu;/usr/lib;/lib/x86_64-linux-gnu;/lib]


Determining if files pthread.h exist passed with the following output:
Change Dir: /home/amsl/AMSL_ros_pkg/chibi13_control/CMakeFiles/CMakeTmp

Run Build Command:/usr/bin/make "cmTryCompileExec3691328634/fast"
/usr/bin/make -f CMakeFiles/cmTryCompileExec3691328634.dir/build.make CMakeFiles/cmTryCompileExec3691328634.dir/build
make[1]: ディレクトリ `/home/amsl/AMSL_ros_pkg/chibi13_control/CMakeFiles/CMakeTmp' に入ります
/usr/bin/cmake -E cmake_progress_report /home/amsl/AMSL_ros_pkg/chibi13_control/CMakeFiles/CMakeTmp/CMakeFiles 1
Building C object CMakeFiles/cmTryCompileExec3691328634.dir/CheckIncludeFiles.c.o
/usr/bin/cc    -o CMakeFiles/cmTryCompileExec3691328634.dir/CheckIncludeFiles.c.o   -c /home/amsl/AMSL_ros_pkg/chibi13_control/CMakeFiles/CMakeTmp/CheckIncludeFiles.c
Linking C executable cmTryCompileExec3691328634
/usr/bin/cmake -E cmake_link_script CMakeFiles/cmTryCompileExec3691328634.dir/link.txt --verbose=1
/usr/bin/cc         CMakeFiles/cmTryCompileExec3691328634.dir/CheckIncludeFiles.c.o  -o cmTryCompileExec3691328634 -rdynamic 
make[1]: ディレクトリ `/home/amsl/AMSL_ros_pkg/chibi13_control/CMakeFiles/CMakeTmp' から出ます


Determining if the function pthread_create exists in the pthread passed with the following output:
Change Dir: /home/amsl/AMSL_ros_pkg/chibi13_control/CMakeFiles/CMakeTmp

Run Build Command:/usr/bin/make "cmTryCompileExec1234369971/fast"
/usr/bin/make -f CMakeFiles/cmTryCompileExec1234369971.dir/build.make CMakeFiles/cmTryCompileExec1234369971.dir/build
make[1]: ディレクトリ `/home/amsl/AMSL_ros_pkg/chibi13_control/CMakeFiles/CMakeTmp' に入ります
/usr/bin/cmake -E cmake_progress_report /home/amsl/AMSL_ros_pkg/chibi13_control/CMakeFiles/CMakeTmp/CMakeFiles 1
Building C object CMakeFiles/cmTryCompileExec1234369971.dir/CheckFunctionExists.c.o
/usr/bin/cc   -DCHECK_FUNCTION_EXISTS=pthread_create   -o CMakeFiles/cmTryCompileExec1234369971.dir/CheckFunctionExists.c.o   -c /usr/share/cmake-2.8/Modules/CheckFunctionExists.c
Linking C executable cmTryCompileExec1234369971
/usr/bin/cmake -E cmake_link_script CMakeFiles/cmTryCompileExec1234369971.dir/link.txt --verbose=1
/usr/bin/cc     -DCHECK_FUNCTION_EXISTS=pthread_create    CMakeFiles/cmTryCompileExec1234369971.dir/CheckFunctionExists.c.o  -o cmTryCompileExec1234369971 -rdynamic -lpthread 
make[1]: ディレクトリ `/home/amsl/AMSL_ros_pkg/chibi13_control/CMakeFiles/CMakeTmp' から出ます


Determining if files pthread.h exist passed with the following output:
Change Dir: /home/amsl/AMSL_ros_pkg/chibi14_control/CMakeFiles/CMakeTmp

Run Build Command:/usr/bin/make "cmTryCompileExec3919290769/fast"
/usr/bin/make -f CMakeFiles/cmTryCompileExec3919290769.dir/build.make CMakeFiles/cmTryCompileExec3919290769.dir/build
make[1]: ディレクトリ `/home/amsl/AMSL_ros_pkg/chibi14_control/CMakeFiles/CMakeTmp' に入ります
/usr/bin/cmake -E cmake_progress_report /home/amsl/AMSL_ros_pkg/chibi14_control/CMakeFiles/CMakeTmp/CMakeFiles 1
Building C object CMakeFiles/cmTryCompileExec3919290769.dir/CheckIncludeFiles.c.o
/usr/bin/cc    -o CMakeFiles/cmTryCompileExec3919290769.dir/CheckIncludeFiles.c.o   -c /home/amsl/AMSL_ros_pkg/chibi14_control/CMakeFiles/CMakeTmp/CheckIncludeFiles.c
Linking C executable cmTryCompileExec3919290769
/usr/bin/cmake -E cmake_link_script CMakeFiles/cmTryCompileExec3919290769.dir/link.txt --verbose=1
/usr/bin/cc         CMakeFiles/cmTryCompileExec3919290769.dir/CheckIncludeFiles.c.o  -o cmTryCompileExec3919290769 -rdynamic 
make[1]: ディレクトリ `/home/amsl/AMSL_ros_pkg/chibi14_control/CMakeFiles/CMakeTmp' から出ます


Determining if the function pthread_create exists in the pthread passed with the following output:
Change Dir: /home/amsl/AMSL_ros_pkg/chibi14_control/CMakeFiles/CMakeTmp

Run Build Command:/usr/bin/make "cmTryCompileExec1111896082/fast"
/usr/bin/make -f CMakeFiles/cmTryCompileExec1111896082.dir/build.make CMakeFiles/cmTryCompileExec1111896082.dir/build
make[1]: ディレクトリ `/home/amsl/AMSL_ros_pkg/chibi14_control/CMakeFiles/CMakeTmp' に入ります
/usr/bin/cmake -E cmake_progress_report /home/amsl/AMSL_ros_pkg/chibi14_control/CMakeFiles/CMakeTmp/CMakeFiles 1
Building C object CMakeFiles/cmTryCompileExec1111896082.dir/CheckFunctionExists.c.o
/usr/bin/cc   -DCHECK_FUNCTION_EXISTS=pthread_create   -o CMakeFiles/cmTryCompileExec1111896082.dir/CheckFunctionExists.c.o   -c /usr/share/cmake-2.8/Modules/CheckFunctionExists.c
Linking C executable cmTryCompileExec1111896082
/usr/bin/cmake -E cmake_link_script CMakeFiles/cmTryCompileExec1111896082.dir/link.txt --verbose=1
/usr/bin/cc     -DCHECK_FUNCTION_EXISTS=pthread_create    CMakeFiles/cmTryCompileExec1111896082.dir/CheckFunctionExists.c.o  -o cmTryCompileExec1111896082 -rdynamic -lpthread 
make[1]: ディレクトリ `/home/amsl/AMSL_ros_pkg/chibi14_control/CMakeFiles/CMakeTmp' から出ます


The system is: Linux - 3.13.0-45-generic - x86_64
Compiling the C compiler identification source file "CMakeCCompilerId.c" succeeded.
Compiler: /usr/bin/cc 
Build flags: 
Id flags: 

The output was:
0


Compilation of the C compiler identification source "CMakeCCompilerId.c" produced "a.out"

The C compiler identification is GNU, found in "/home/amsl/AMSL_ros_pkg/chibi14_control/CMakeFiles/2.8.12.2/CompilerIdC/a.out"

Compiling the CXX compiler identification source file "CMakeCXXCompilerId.cpp" succeeded.
Compiler: /usr/bin/c++ 
Build flags: 
Id flags: 

The output was:
0


Compilation of the CXX compiler identification source "CMakeCXXCompilerId.cpp" produced "a.out"

The CXX compiler identification is GNU, found in "/home/amsl/AMSL_ros_pkg/chibi14_control/CMakeFiles/2.8.12.2/CompilerIdCXX/a.out"

Determining if the C compiler works passed with the following output:
Change Dir: /home/amsl/AMSL_ros_pkg/chibi14_control/CMakeFiles/CMakeTmp

Run Build Command:/usr/bin/make "cmTryCompileExec1551389345/fast"
/usr/bin/make -f CMakeFiles/cmTryCompileExec1551389345.dir/build.make CMakeFiles/cmTryCompileExec1551389345.dir/build
make[1]: ディレクトリ `/home/amsl/AMSL_ros_pkg/chibi14_control/CMakeFiles/CMakeTmp' に入ります
/usr/bin/cmake -E cmake_progress_report /home/amsl/AMSL_ros_pkg/chibi14_control/CMakeFiles/CMakeTmp/CMakeFiles 1
Building C object CMakeFiles/cmTryCompileExec1551389345.dir/testCCompiler.c.o
/usr/bin/cc    -o CMakeFiles/cmTryCompileExec1551389345.dir/testCCompiler.c.o   -c /home/amsl/AMSL_ros_pkg/chibi14_control/CMakeFiles/CMakeTmp/testCCompiler.c
Linking C executable cmTryCompileExec1551389345
/usr/bin/cmake -E cmake_link_script CMakeFiles/cmTryCompileExec1551389345.dir/link.txt --verbose=1
/usr/bin/cc       CMakeFiles/cmTryCompileExec1551389345.dir/testCCompiler.c.o  -o cmTryCompileExec1551389345 -rdynamic 
make[1]: ディレクトリ `/home/amsl/AMSL_ros_pkg/chibi14_control/CMakeFiles/CMakeTmp' から出ます


Detecting C compiler ABI info compiled with the following output:
Change Dir: /home/amsl/AMSL_ros_pkg/chibi14_control/CMakeFiles/CMakeTmp

Run Build Command:/usr/bin/make "cmTryCompileExec2236279650/fast"
/usr/bin/make -f CMakeFiles/cmTryCompileExec2236279650.dir/build.make CMakeFiles/cmTryCompileExec2236279650.dir/build
make[1]: ディレクトリ `/home/amsl/AMSL_ros_pkg/chibi14_control/CMakeFiles/CMakeTmp' に入ります
/usr/bin/cmake -E cmake_progress_report /home/amsl/AMSL_ros_pkg/chibi14_control/CMakeFiles/CMakeTmp/CMakeFiles 1
Building C object CMakeFiles/cmTryCompileExec2236279650.dir/CMakeCCompilerABI.c.o
/usr/bin/cc    -o CMakeFiles/cmTryCompileExec2236279650.dir/CMakeCCompilerABI.c.o   -c /usr/share/cmake-2.8/Modules/CMakeCCompilerABI.c
Linking C executable cmTryCompileExec2236279650
/usr/bin/cmake -E cmake_link_script CMakeFiles/cmTryCompileExec2236279650.dir/link.txt --verbose=1
/usr/bin/cc     -v CMakeFiles/cmTryCompileExec2236279650.dir/CMakeCCompilerABI.c.o  -o cmTryCompileExec2236279650 -rdynamic  
Using built-in specs.
COLLECT_GCC=/usr/bin/cc
COLLECT_LTO_WRAPPER=/usr/lib/gcc/x86_64-linux-gnu/4.8/lto-wrapper
Target: x86_64-linux-gnu
Configured with: ../src/configure -v --with-pkgversion='Ubuntu 4.8.2-19ubuntu1' --with-bugurl=file:///usr/share/doc/gcc-4.8/README.Bugs --enable-languages=c,c++,java,go,d,fortran,objc,obj-c++ --prefix=/usr --program-suffix=-4.8 --enable-shared --enable-linker-build-id --libexecdir=/usr/lib --without-included-gettext --enable-threads=posix --with-gxx-include-dir=/usr/include/c++/4.8 --libdir=/usr/lib --enable-nls --with-sysroot=/ --enable-clocale=gnu --enable-libstdcxx-debug --enable-libstdcxx-time=yes --enable-gnu-unique-object --disable-libmudflap --enable-plugin --with-system-zlib --disable-browser-plugin --enable-java-awt=gtk --enable-gtk-cairo --with-java-home=/usr/lib/jvm/java-1.5.0-gcj-4.8-amd64/jre --enable-java-home --with-jvm-root-dir=/usr/lib/jvm/java-1.5.0-gcj-4.8-amd64 --with-jvm-jar-dir=/usr/lib/jvm-exports/java-1.5.0-gcj-4.8-amd64 --with-arch-directory=amd64 --with-ecj-jar=/usr/share/java/eclipse-ecj.jar --enable-objc-gc --enable-multiarch --disable-werror --with-arch-32=i686 --with-abi=m64 --with-multilib-list=m32,m64,mx32 --with-tune=generic --enable-checking=release --build=x86_64-linux-gnu --host=x86_64-linux-gnu --target=x86_64-linux-gnu
Thread model: posix
gcc version 4.8.2 (Ubuntu 4.8.2-19ubuntu1) 
COMPILER_PATH=/usr/lib/gcc/x86_64-linux-gnu/4.8/:/usr/lib/gcc/x86_64-linux-gnu/4.8/:/usr/lib/gcc/x86_64-linux-gnu/:/usr/lib/gcc/x86_64-linux-gnu/4.8/:/usr/lib/gcc/x86_64-linux-gnu/
LIBRARY_PATH=/usr/lib/gcc/x86_64-linux-gnu/4.8/:/usr/lib/gcc/x86_64-linux-gnu/4.8/../../../x86_64-linux-gnu/:/usr/lib/gcc/x86_64-linux-gnu/4.8/../../../../lib/:/lib/x86_64-linux-gnu/:/lib/../lib/:/usr/lib/x86_64-linux-gnu/:/usr/lib/../lib/:/usr/lib/gcc/x86_64-linux-gnu/4.8/../../../:/lib/:/usr/lib/
COLLECT_GCC_OPTIONS='-v' '-o' 'cmTryCompileExec2236279650' '-rdynamic' '-mtune=generic' '-march=x86-64'
 /usr/lib/gcc/x86_64-linux-gnu/4.8/collect2 --sysroot=/ --build-id --eh-frame-hdr -m elf_x86_64 --hash-style=gnu --as-needed -export-dynamic -dynamic-linker /lib64/ld-linux-x86-64.so.2 -z relro -o cmTryCompileExec2236279650 /usr/lib/gcc/x86_64-linux-gnu/4.8/../../../x86_64-linux-gnu/crt1.o /usr/lib/gcc/x86_64-linux-gnu/4.8/../../../x86_64-linux-gnu/crti.o /usr/lib/gcc/x86_64-linux-gnu/4.8/crtbegin.o -L/usr/lib/gcc/x86_64-linux-gnu/4.8 -L/usr/lib/gcc/x86_64-linux-gnu/4.8/../../../x86_64-linux-gnu -L/usr/lib/gcc/x86_64-linux-gnu/4.8/../../../../lib -L/lib/x86_64-linux-gnu -L/lib/../lib -L/usr/lib/x86_64-linux-gnu -L/usr/lib/../lib -L/usr/lib/gcc/x86_64-linux-gnu/4.8/../../.. CMakeFiles/cmTryCompileExec2236279650.dir/CMakeCCompilerABI.c.o -lgcc --as-needed -lgcc_s --no-as-needed -lc -lgcc --as-needed -lgcc_s --no-as-needed /usr/lib/gcc/x86_64-linux-gnu/4.8/crtend.o /usr/lib/gcc/x86_64-linux-gnu/4.8/../../../x86_64-linux-gnu/crtn.o
make[1]: ディレクトリ `/home/amsl/AMSL_ros_pkg/chibi14_control/CMakeFiles/CMakeTmp' から出ます


Parsed C implicit link information from above output:
  link line regex: [^( *|.*[/\])(ld|([^/\]+-)?ld|collect2)[^/\]*( |$)]
  ignore line: [Change Dir: /home/amsl/AMSL_ros_pkg/chibi14_control/CMakeFiles/CMakeTmp]
  ignore line: []
  ignore line: [Run Build Command:/usr/bin/make "cmTryCompileExec2236279650/fast"]
  ignore line: [/usr/bin/make -f CMakeFiles/cmTryCompileExec2236279650.dir/build.make CMakeFiles/cmTryCompileExec2236279650.dir/build]
  ignore line: [make[1]: ディレクトリ `/home/amsl/AMSL_ros_pkg/chibi14_control/CMakeFiles/CMakeTmp' に入ります]
  ignore line: [/usr/bin/cmake -E cmake_progress_report /home/amsl/AMSL_ros_pkg/chibi14_control/CMakeFiles/CMakeTmp/CMakeFiles 1]
  ignore line: [Building C object CMakeFiles/cmTryCompileExec2236279650.dir/CMakeCCompilerABI.c.o]
  ignore line: [/usr/bin/cc    -o CMakeFiles/cmTryCompileExec2236279650.dir/CMakeCCompilerABI.c.o   -c /usr/share/cmake-2.8/Modules/CMakeCCompilerABI.c]
  ignore line: [Linking C executable cmTryCompileExec2236279650]
  ignore line: [/usr/bin/cmake -E cmake_link_script CMakeFiles/cmTryCompileExec2236279650.dir/link.txt --verbose=1]
  ignore line: [/usr/bin/cc     -v CMakeFiles/cmTryCompileExec2236279650.dir/CMakeCCompilerABI.c.o  -o cmTryCompileExec2236279650 -rdynamic  ]
  ignore line: [Using built-in specs.]
  ignore line: [COLLECT_GCC=/usr/bin/cc]
  ignore line: [COLLECT_LTO_WRAPPER=/usr/lib/gcc/x86_64-linux-gnu/4.8/lto-wrapper]
  ignore line: [Target: x86_64-linux-gnu]
  ignore line: [Configured with: ../src/configure -v --with-pkgversion='Ubuntu 4.8.2-19ubuntu1' --with-bugurl=file:///usr/share/doc/gcc-4.8/README.Bugs --enable-languages=c,c++,java,go,d,fortran,objc,obj-c++ --prefix=/usr --program-suffix=-4.8 --enable-shared --enable-linker-build-id --libexecdir=/usr/lib --without-included-gettext --enable-threads=posix --with-gxx-include-dir=/usr/include/c++/4.8 --libdir=/usr/lib --enable-nls --with-sysroot=/ --enable-clocale=gnu --enable-libstdcxx-debug --enable-libstdcxx-time=yes --enable-gnu-unique-object --disable-libmudflap --enable-plugin --with-system-zlib --disable-browser-plugin --enable-java-awt=gtk --enable-gtk-cairo --with-java-home=/usr/lib/jvm/java-1.5.0-gcj-4.8-amd64/jre --enable-java-home --with-jvm-root-dir=/usr/lib/jvm/java-1.5.0-gcj-4.8-amd64 --with-jvm-jar-dir=/usr/lib/jvm-exports/java-1.5.0-gcj-4.8-amd64 --with-arch-directory=amd64 --with-ecj-jar=/usr/share/java/eclipse-ecj.jar --enable-objc-gc --enable-multiarch --disable-werror --with-arch-32=i686 --with-abi=m64 --with-multilib-list=m32,m64,mx32 --with-tune=generic --enable-checking=release --build=x86_64-linux-gnu --host=x86_64-linux-gnu --target=x86_64-linux-gnu]
  ignore line: [Thread model: posix]
  ignore line: [gcc version 4.8.2 (Ubuntu 4.8.2-19ubuntu1) ]
  ignore line: [COMPILER_PATH=/usr/lib/gcc/x86_64-linux-gnu/4.8/:/usr/lib/gcc/x86_64-linux-gnu/4.8/:/usr/lib/gcc/x86_64-linux-gnu/:/usr/lib/gcc/x86_64-linux-gnu/4.8/:/usr/lib/gcc/x86_64-linux-gnu/]
  ignore line: [LIBRARY_PATH=/usr/lib/gcc/x86_64-linux-gnu/4.8/:/usr/lib/gcc/x86_64-linux-gnu/4.8/../../../x86_64-linux-gnu/:/usr/lib/gcc/x86_64-linux-gnu/4.8/../../../../lib/:/lib/x86_64-linux-gnu/:/lib/../lib/:/usr/lib/x86_64-linux-gnu/:/usr/lib/../lib/:/usr/lib/gcc/x86_64-linux-gnu/4.8/../../../:/lib/:/usr/lib/]
  ignore line: [COLLECT_GCC_OPTIONS='-v' '-o' 'cmTryCompileExec2236279650' '-rdynamic' '-mtune=generic' '-march=x86-64']
  link line: [ /usr/lib/gcc/x86_64-linux-gnu/4.8/collect2 --sysroot=/ --build-id --eh-frame-hdr -m elf_x86_64 --hash-style=gnu --as-needed -export-dynamic -dynamic-linker /lib64/ld-linux-x86-64.so.2 -z relro -o cmTryCompileExec2236279650 /usr/lib/gcc/x86_64-linux-gnu/4.8/../../../x86_64-linux-gnu/crt1.o /usr/lib/gcc/x86_64-linux-gnu/4.8/../../../x86_64-linux-gnu/crti.o /usr/lib/gcc/x86_64-linux-gnu/4.8/crtbegin.o -L/usr/lib/gcc/x86_64-linux-gnu/4.8 -L/usr/lib/gcc/x86_64-linux-gnu/4.8/../../../x86_64-linux-gnu -L/usr/lib/gcc/x86_64-linux-gnu/4.8/../../../../lib -L/lib/x86_64-linux-gnu -L/lib/../lib -L/usr/lib/x86_64-linux-gnu -L/usr/lib/../lib -L/usr/lib/gcc/x86_64-linux-gnu/4.8/../../.. CMakeFiles/cmTryCompileExec2236279650.dir/CMakeCCompilerABI.c.o -lgcc --as-needed -lgcc_s --no-as-needed -lc -lgcc --as-needed -lgcc_s --no-as-needed /usr/lib/gcc/x86_64-linux-gnu/4.8/crtend.o /usr/lib/gcc/x86_64-linux-gnu/4.8/../../../x86_64-linux-gnu/crtn.o]
    arg [/usr/lib/gcc/x86_64-linux-gnu/4.8/collect2] ==> ignore
    arg [--sysroot=/] ==> ignore
    arg [--build-id] ==> ignore
    arg [--eh-frame-hdr] ==> ignore
    arg [-m] ==> ignore
    arg [elf_x86_64] ==> ignore
    arg [--hash-style=gnu] ==> ignore
    arg [--as-needed] ==> ignore
    arg [-export-dynamic] ==> ignore
    arg [-dynamic-linker] ==> ignore
    arg [/lib64/ld-linux-x86-64.so.2] ==> ignore
    arg [-zrelro] ==> ignore
    arg [-o] ==> ignore
    arg [cmTryCompileExec2236279650] ==> ignore
    arg [/usr/lib/gcc/x86_64-linux-gnu/4.8/../../../x86_64-linux-gnu/crt1.o] ==> ignore
    arg [/usr/lib/gcc/x86_64-linux-gnu/4.8/../../../x86_64-linux-gnu/crti.o] ==> ignore
    arg [/usr/lib/gcc/x86_64-linux-gnu/4.8/crtbegin.o] ==> ignore
    arg [-L/usr/lib/gcc/x86_64-linux-gnu/4.8] ==> dir [/usr/lib/gcc/x86_64-linux-gnu/4.8]
    arg [-L/usr/lib/gcc/x86_64-linux-gnu/4.8/../../../x86_64-linux-gnu] ==> dir [/usr/lib/gcc/x86_64-linux-gnu/4.8/../../../x86_64-linux-gnu]
    arg [-L/usr/lib/gcc/x86_64-linux-gnu/4.8/../../../../lib] ==> dir [/usr/lib/gcc/x86_64-linux-gnu/4.8/../../../../lib]
    arg [-L/lib/x86_64-linux-gnu] ==> dir [/lib/x86_64-linux-gnu]
    arg [-L/lib/../lib] ==> dir [/lib/../lib]
    arg [-L/usr/lib/x86_64-linux-gnu] ==> dir [/usr/lib/x86_64-linux-gnu]
    arg [-L/usr/lib/../lib] ==> dir [/usr/lib/../lib]
    arg [-L/usr/lib/gcc/x86_64-linux-gnu/4.8/../../..] ==> dir [/usr/lib/gcc/x86_64-linux-gnu/4.8/../../..]
    arg [CMakeFiles/cmTryCompileExec2236279650.dir/CMakeCCompilerABI.c.o] ==> ignore
    arg [-lgcc] ==> lib [gcc]
    arg [--as-needed] ==> ignore
    arg [-lgcc_s] ==> lib [gcc_s]
    arg [--no-as-needed] ==> ignore
    arg [-lc] ==> lib [c]
    arg [-lgcc] ==> lib [gcc]
    arg [--as-needed] ==> ignore
    arg [-lgcc_s] ==> lib [gcc_s]
    arg [--no-as-needed] ==> ignore
    arg [/usr/lib/gcc/x86_64-linux-gnu/4.8/crtend.o] ==> ignore
    arg [/usr/lib/gcc/x86_64-linux-gnu/4.8/../../../x86_64-linux-gnu/crtn.o] ==> ignore
  remove lib [gcc]
  remove lib [gcc_s]
  remove lib [gcc]
  remove lib [gcc_s]
  collapse library dir [/usr/lib/gcc/x86_64-linux-gnu/4.8] ==> [/usr/lib/gcc/x86_64-linux-gnu/4.8]
  collapse library dir [/usr/lib/gcc/x86_64-linux-gnu/4.8/../../../x86_64-linux-gnu] ==> [/usr/lib/x86_64-linux-gnu]
  collapse library dir [/usr/lib/gcc/x86_64-linux-gnu/4.8/../../../../lib] ==> [/usr/lib]
  collapse library dir [/lib/x86_64-linux-gnu] ==> [/lib/x86_64-linux-gnu]
  collapse library dir [/lib/../lib] ==> [/lib]
  collapse library dir [/usr/lib/x86_64-linux-gnu] ==> [/usr/lib/x86_64-linux-gnu]
  collapse library dir [/usr/lib/../lib] ==> [/usr/lib]
  collapse library dir [/usr/lib/gcc/x86_64-linux-gnu/4.8/../../..] ==> [/usr/lib]
  implicit libs: [c]
  implicit dirs: [/usr/lib/gcc/x86_64-linux-gnu/4.8;/usr/lib/x86_64-linux-gnu;/usr/lib;/lib/x86_64-linux-gnu;/lib]
  implicit fwks: []


Determining if the CXX compiler works passed with the following output:
Change Dir: /home/amsl/AMSL_ros_pkg/chibi14_control/CMakeFiles/CMakeTmp

Run Build Command:/usr/bin/make "cmTryCompileExec1263852337/fast"
/usr/bin/make -f CMakeFiles/cmTryCompileExec1263852337.dir/build.make CMakeFiles/cmTryCompileExec1263852337.dir/build
make[1]: ディレクトリ `/home/amsl/AMSL_ros_pkg/chibi14_control/CMakeFiles/CMakeTmp' に入ります
/usr/bin/cmake -E cmake_progress_report /home/amsl/AMSL_ros_pkg/chibi14_control/CMakeFiles/CMakeTmp/CMakeFiles 1
Building CXX object CMakeFiles/cmTryCompileExec1263852337.dir/testCXXCompiler.cxx.o
/usr/bin/c++     -o CMakeFiles/cmTryCompileExec1263852337.dir/testCXXCompiler.cxx.o -c /home/amsl/AMSL_ros_pkg/chibi14_control/CMakeFiles/CMakeTmp/testCXXCompiler.cxx
Linking CXX executable cmTryCompileExec1263852337
/usr/bin/cmake -E cmake_link_script CMakeFiles/cmTryCompileExec1263852337.dir/link.txt --verbose=1
/usr/bin/c++        CMakeFiles/cmTryCompileExec1263852337.dir/testCXXCompiler.cxx.o  -o cmTryCompileExec1263852337 -rdynamic 
make[1]: ディレクトリ `/home/amsl/AMSL_ros_pkg/chibi14_control/CMakeFiles/CMakeTmp' から出ます


Detecting CXX compiler ABI info compiled with the following output:
Change Dir: /home/amsl/AMSL_ros_pkg/chibi14_control/CMakeFiles/CMakeTmp

Run Build Command:/usr/bin/make "cmTryCompileExec823115667/fast"
/usr/bin/make -f CMakeFiles/cmTryCompileExec823115667.dir/build.make CMakeFiles/cmTryCompileExec823115667.dir/build
make[1]: ディレクトリ `/home/amsl/AMSL_ros_pkg/chibi14_control/CMakeFiles/CMakeTmp' に入ります
/usr/bin/cmake -E cmake_progress_report /home/amsl/AMSL_ros_pkg/chibi14_control/CMakeFiles/CMakeTmp/CMakeFiles 1
Building CXX object CMakeFiles/cmTryCompileExec823115667.dir/CMakeCXXCompilerABI.cpp.o
/usr/bin/c++     -o CMakeFiles/cmTryCompileExec823115667.dir/CMakeCXXCompilerABI.cpp.o -c /usr/share/cmake-2.8/Modules/CMakeCXXCompilerABI.cpp
Linking CXX executable cmTryCompileExec823115667
/usr/bin/cmake -E cmake_link_script CMakeFiles/cmTryCompileExec823115667.dir/link.txt --verbose=1
/usr/bin/c++      -v CMakeFiles/cmTryCompileExec823115667.dir/CMakeCXXCompilerABI.cpp.o  -o cmTryCompileExec823115667 -rdynamic  
Using built-in specs.
COLLECT_GCC=/usr/bin/c++
COLLECT_LTO_WRAPPER=/usr/lib/gcc/x86_64-linux-gnu/4.8/lto-wrapper
Target: x86_64-linux-gnu
Configured with: ../src/configure -v --with-pkgversion='Ubuntu 4.8.2-19ubuntu1' --with-bugurl=file:///usr/share/doc/gcc-4.8/README.Bugs --enable-languages=c,c++,java,go,d,fortran,objc,obj-c++ --prefix=/usr --program-suffix=-4.8 --enable-shared --enable-linker-build-id --libexecdir=/usr/lib --without-included-gettext --enable-threads=posix --with-gxx-include-dir=/usr/include/c++/4.8 --libdir=/usr/lib --enable-nls --with-sysroot=/ --enable-clocale=gnu --enable-libstdcxx-debug --enable-libstdcxx-time=yes --enable-gnu-unique-object --disable-libmudflap --enable-plugin --with-system-zlib --disable-browser-plugin --enable-java-awt=gtk --enable-gtk-cairo --with-java-home=/usr/lib/jvm/java-1.5.0-gcj-4.8-amd64/jre --enable-java-home --with-jvm-root-dir=/usr/lib/jvm/java-1.5.0-gcj-4.8-amd64 --with-jvm-jar-dir=/usr/lib/jvm-exports/java-1.5.0-gcj-4.8-amd64 --with-arch-directory=amd64 --with-ecj-jar=/usr/share/java/eclipse-ecj.jar --enable-objc-gc --enable-multiarch --disable-werror --with-arch-32=i686 --with-abi=m64 --with-multilib-list=m32,m64,mx32 --with-tune=generic --enable-checking=release --build=x86_64-linux-gnu --host=x86_64-linux-gnu --target=x86_64-linux-gnu
Thread model: posix
gcc version 4.8.2 (Ubuntu 4.8.2-19ubuntu1) 
COMPILER_PATH=/usr/lib/gcc/x86_64-linux-gnu/4.8/:/usr/lib/gcc/x86_64-linux-gnu/4.8/:/usr/lib/gcc/x86_64-linux-gnu/:/usr/lib/gcc/x86_64-linux-gnu/4.8/:/usr/lib/gcc/x86_64-linux-gnu/
LIBRARY_PATH=/usr/lib/gcc/x86_64-linux-gnu/4.8/:/usr/lib/gcc/x86_64-linux-gnu/4.8/../../../x86_64-linux-gnu/:/usr/lib/gcc/x86_64-linux-gnu/4.8/../../../../lib/:/lib/x86_64-linux-gnu/:/lib/../lib/:/usr/lib/x86_64-linux-gnu/:/usr/lib/../lib/:/usr/lib/gcc/x86_64-linux-gnu/4.8/../../../:/lib/:/usr/lib/
COLLECT_GCC_OPTIONS='-v' '-o' 'cmTryCompileExec823115667' '-rdynamic' '-shared-libgcc' '-mtune=generic' '-march=x86-64'
 /usr/lib/gcc/x86_64-linux-gnu/4.8/collect2 --sysroot=/ --build-id --eh-frame-hdr -m elf_x86_64 --hash-style=gnu --as-needed -export-dynamic -dynamic-linker /lib64/ld-linux-x86-64.so.2 -z relro -o cmTryCompileExec823115667 /usr/lib/gcc/x86_64-linux-gnu/4.8/../../../x86_64-linux-gnu/crt1.o /usr/lib/gcc/x86_64-linux-gnu/4.8/../../../x86_64-linux-gnu/crti.o /usr/lib/gcc/x86_64-linux-gnu/4.8/crtbegin.o -L/usr/lib/gcc/x86_64-linux-gnu/4.8 -L/usr/lib/gcc/x86_64-linux-gnu/4.8/../../../x86_64-linux-gnu -L/usr/lib/gcc/x86_64-linux-gnu/4.8/../../../../lib -L/lib/x86_64-linux-gnu -L/lib/../lib -L/usr/lib/x86_64-linux-gnu -L/usr/lib/../lib -L/usr/lib/gcc/x86_64-linux-gnu/4.8/../../.. CMakeFiles/cmTryCompileExec823115667.dir/CMakeCXXCompilerABI.cpp.o -lstdc++ -lm -lgcc_s -lgcc -lc -lgcc_s -lgcc /usr/lib/gcc/x86_64-linux-gnu/4.8/crtend.o /usr/lib/gcc/x86_64-linux-gnu/4.8/../../../x86_64-linux-gnu/crtn.o
make[1]: ディレクトリ `/home/amsl/AMSL_ros_pkg/chibi14_control/CMakeFiles/CMakeTmp' から出ます


Parsed CXX implicit link information from above output:
  link line regex: [^( *|.*[/\])(ld|([^/\]+-)?ld|collect2)[^/\]*( |$)]
  ignore line: [Change Dir: /home/amsl/AMSL_ros_pkg/chibi14_control/CMakeFiles/CMakeTmp]
  ignore line: []
  ignore line: [Run Build Command:/usr/bin/make "cmTryCompileExec823115667/fast"]
  ignore line: [/usr/bin/make -f CMakeFiles/cmTryCompileExec823115667.dir/build.make CMakeFiles/cmTryCompileExec823115667.dir/build]
  ignore line: [make[1]: ディレクトリ `/home/amsl/AMSL_ros_pkg/chibi14_control/CMakeFiles/CMakeTmp' に入ります]
  ignore line: [/usr/bin/cmake -E cmake_progress_report /home/amsl/AMSL_ros_pkg/chibi14_control/CMakeFiles/CMakeTmp/CMakeFiles 1]
  ignore line: [Building CXX object CMakeFiles/cmTryCompileExec823115667.dir/CMakeCXXCompilerABI.cpp.o]
  ignore line: [/usr/bin/c++     -o CMakeFiles/cmTryCompileExec823115667.dir/CMakeCXXCompilerABI.cpp.o -c /usr/share/cmake-2.8/Modules/CMakeCXXCompilerABI.cpp]
  ignore line: [Linking CXX executable cmTryCompileExec823115667]
  ignore line: [/usr/bin/cmake -E cmake_link_script CMakeFiles/cmTryCompileExec823115667.dir/link.txt --verbose=1]
  ignore line: [/usr/bin/c++      -v CMakeFiles/cmTryCompileExec823115667.dir/CMakeCXXCompilerABI.cpp.o  -o cmTryCompileExec823115667 -rdynamic  ]
  ignore line: [Using built-in specs.]
  ignore line: [COLLECT_GCC=/usr/bin/c++]
  ignore line: [COLLECT_LTO_WRAPPER=/usr/lib/gcc/x86_64-linux-gnu/4.8/lto-wrapper]
  ignore line: [Target: x86_64-linux-gnu]
  ignore line: [Configured with: ../src/configure -v --with-pkgversion='Ubuntu 4.8.2-19ubuntu1' --with-bugurl=file:///usr/share/doc/gcc-4.8/README.Bugs --enable-languages=c,c++,java,go,d,fortran,objc,obj-c++ --prefix=/usr --program-suffix=-4.8 --enable-shared --enable-linker-build-id --libexecdir=/usr/lib --without-included-gettext --enable-threads=posix --with-gxx-include-dir=/usr/include/c++/4.8 --libdir=/usr/lib --enable-nls --with-sysroot=/ --enable-clocale=gnu --enable-libstdcxx-debug --enable-libstdcxx-time=yes --enable-gnu-unique-object --disable-libmudflap --enable-plugin --with-system-zlib --disable-browser-plugin --enable-java-awt=gtk --enable-gtk-cairo --with-java-home=/usr/lib/jvm/java-1.5.0-gcj-4.8-amd64/jre --enable-java-home --with-jvm-root-dir=/usr/lib/jvm/java-1.5.0-gcj-4.8-amd64 --with-jvm-jar-dir=/usr/lib/jvm-exports/java-1.5.0-gcj-4.8-amd64 --with-arch-directory=amd64 --with-ecj-jar=/usr/share/java/eclipse-ecj.jar --enable-objc-gc --enable-multiarch --disable-werror --with-arch-32=i686 --with-abi=m64 --with-multilib-list=m32,m64,mx32 --with-tune=generic --enable-checking=release --build=x86_64-linux-gnu --host=x86_64-linux-gnu --target=x86_64-linux-gnu]
  ignore line: [Thread model: posix]
  ignore line: [gcc version 4.8.2 (Ubuntu 4.8.2-19ubuntu1) ]
  ignore line: [COMPILER_PATH=/usr/lib/gcc/x86_64-linux-gnu/4.8/:/usr/lib/gcc/x86_64-linux-gnu/4.8/:/usr/lib/gcc/x86_64-linux-gnu/:/usr/lib/gcc/x86_64-linux-gnu/4.8/:/usr/lib/gcc/x86_64-linux-gnu/]
  ignore line: [LIBRARY_PATH=/usr/lib/gcc/x86_64-linux-gnu/4.8/:/usr/lib/gcc/x86_64-linux-gnu/4.8/../../../x86_64-linux-gnu/:/usr/lib/gcc/x86_64-linux-gnu/4.8/../../../../lib/:/lib/x86_64-linux-gnu/:/lib/../lib/:/usr/lib/x86_64-linux-gnu/:/usr/lib/../lib/:/usr/lib/gcc/x86_64-linux-gnu/4.8/../../../:/lib/:/usr/lib/]
  ignore line: [COLLECT_GCC_OPTIONS='-v' '-o' 'cmTryCompileExec823115667' '-rdynamic' '-shared-libgcc' '-mtune=generic' '-march=x86-64']
  link line: [ /usr/lib/gcc/x86_64-linux-gnu/4.8/collect2 --sysroot=/ --build-id --eh-frame-hdr -m elf_x86_64 --hash-style=gnu --as-needed -export-dynamic -dynamic-linker /lib64/ld-linux-x86-64.so.2 -z relro -o cmTryCompileExec823115667 /usr/lib/gcc/x86_64-linux-gnu/4.8/../../../x86_64-linux-gnu/crt1.o /usr/lib/gcc/x86_64-linux-gnu/4.8/../../../x86_64-linux-gnu/crti.o /usr/lib/gcc/x86_64-linux-gnu/4.8/crtbegin.o -L/usr/lib/gcc/x86_64-linux-gnu/4.8 -L/usr/lib/gcc/x86_64-linux-gnu/4.8/../../../x86_64-linux-gnu -L/usr/lib/gcc/x86_64-linux-gnu/4.8/../../../../lib -L/lib/x86_64-linux-gnu -L/lib/../lib -L/usr/lib/x86_64-linux-gnu -L/usr/lib/../lib -L/usr/lib/gcc/x86_64-linux-gnu/4.8/../../.. CMakeFiles/cmTryCompileExec823115667.dir/CMakeCXXCompilerABI.cpp.o -lstdc++ -lm -lgcc_s -lgcc -lc -lgcc_s -lgcc /usr/lib/gcc/x86_64-linux-gnu/4.8/crtend.o /usr/lib/gcc/x86_64-linux-gnu/4.8/../../../x86_64-linux-gnu/crtn.o]
    arg [/usr/lib/gcc/x86_64-linux-gnu/4.8/collect2] ==> ignore
    arg [--sysroot=/] ==> ignore
    arg [--build-id] ==> ignore
    arg [--eh-frame-hdr] ==> ignore
    arg [-m] ==> ignore
    arg [elf_x86_64] ==> ignore
    arg [--hash-style=gnu] ==> ignore
    arg [--as-needed] ==> ignore
    arg [-export-dynamic] ==> ignore
    arg [-dynamic-linker] ==> ignore
    arg [/lib64/ld-linux-x86-64.so.2] ==> ignore
    arg [-zrelro] ==> ignore
    arg [-o] ==> ignore
    arg [cmTryCompileExec823115667] ==> ignore
    arg [/usr/lib/gcc/x86_64-linux-gnu/4.8/../../../x86_64-linux-gnu/crt1.o] ==> ignore
    arg [/usr/lib/gcc/x86_64-linux-gnu/4.8/../../../x86_64-linux-gnu/crti.o] ==> ignore
    arg [/usr/lib/gcc/x86_64-linux-gnu/4.8/crtbegin.o] ==> ignore
    arg [-L/usr/lib/gcc/x86_64-linux-gnu/4.8] ==> dir [/usr/lib/gcc/x86_64-linux-gnu/4.8]
    arg [-L/usr/lib/gcc/x86_64-linux-gnu/4.8/../../../x86_64-linux-gnu] ==> dir [/usr/lib/gcc/x86_64-linux-gnu/4.8/../../../x86_64-linux-gnu]
    arg [-L/usr/lib/gcc/x86_64-linux-gnu/4.8/../../../../lib] ==> dir [/usr/lib/gcc/x86_64-linux-gnu/4.8/../../../../lib]
    arg [-L/lib/x86_64-linux-gnu] ==> dir [/lib/x86_64-linux-gnu]
    arg [-L/lib/../lib] ==> dir [/lib/../lib]
    arg [-L/usr/lib/x86_64-linux-gnu] ==> dir [/usr/lib/x86_64-linux-gnu]
    arg [-L/usr/lib/../lib] ==> dir [/usr/lib/../lib]
    arg [-L/usr/lib/gcc/x86_64-linux-gnu/4.8/../../..] ==> dir [/usr/lib/gcc/x86_64-linux-gnu/4.8/../../..]
    arg [CMakeFiles/cmTryCompileExec823115667.dir/CMakeCXXCompilerABI.cpp.o] ==> ignore
    arg [-lstdc++] ==> lib [stdc++]
    arg [-lm] ==> lib [m]
    arg [-lgcc_s] ==> lib [gcc_s]
    arg [-lgcc] ==> lib [gcc]
    arg [-lc] ==> lib [c]
    arg [-lgcc_s] ==> lib [gcc_s]
    arg [-lgcc] ==> lib [gcc]
    arg [/usr/lib/gcc/x86_64-linux-gnu/4.8/crtend.o] ==> ignore
    arg [/usr/lib/gcc/x86_64-linux-gnu/4.8/../../../x86_64-linux-gnu/crtn.o] ==> ignore
  remove lib [gcc_s]
  remove lib [gcc]
  remove lib [gcc_s]
  remove lib [gcc]
  collapse library dir [/usr/lib/gcc/x86_64-linux-gnu/4.8] ==> [/usr/lib/gcc/x86_64-linux-gnu/4.8]
  collapse library dir [/usr/lib/gcc/x86_64-linux-gnu/4.8/../../../x86_64-linux-gnu] ==> [/usr/lib/x86_64-linux-gnu]
  collapse library dir [/usr/lib/gcc/x86_64-linux-gnu/4.8/../../../../lib] ==> [/usr/lib]
  collapse library dir [/lib/x86_64-linux-gnu] ==> [/lib/x86_64-linux-gnu]
  collapse library dir [/lib/../lib] ==> [/lib]
  collapse library dir [/usr/lib/x86_64-linux-gnu] ==> [/usr/lib/x86_64-linux-gnu]
  collapse library dir [/usr/lib/../lib] ==> [/usr/lib]
  collapse library dir [/usr/lib/gcc/x86_64-linux-gnu/4.8/../../..] ==> [/usr/lib]
  implicit libs: [stdc++;m;c]
  implicit dirs: [/usr/lib/gcc/x86_64-linux-gnu/4.8;/usr/lib/x86_64-linux-gnu;/usr/lib;/lib/x86_64-linux-gnu;/lib]
  implicit fwks: []


Determining if files pthread.h exist passed with the following output:
Change Dir: /home/amsl/AMSL_ros_pkg/chibi14_control/CMakeFiles/CMakeTmp

Run Build Command:/usr/bin/make "cmTryCompileExec3544408449/fast"
/usr/bin/make -f CMakeFiles/cmTryCompileExec3544408449.dir/build.make CMakeFiles/cmTryCompileExec3544408449.dir/build
make[1]: ディレクトリ `/home/amsl/AMSL_ros_pkg/chibi14_control/CMakeFiles/CMakeTmp' に入ります
/usr/bin/cmake -E cmake_progress_report /home/amsl/AMSL_ros_pkg/chibi14_control/CMakeFiles/CMakeTmp/CMakeFiles 1
Building C object CMakeFiles/cmTryCompileExec3544408449.dir/CheckIncludeFiles.c.o
/usr/bin/cc    -o CMakeFiles/cmTryCompileExec3544408449.dir/CheckIncludeFiles.c.o   -c /home/amsl/AMSL_ros_pkg/chibi14_control/CMakeFiles/CMakeTmp/CheckIncludeFiles.c
Linking C executable cmTryCompileExec3544408449
/usr/bin/cmake -E cmake_link_script CMakeFiles/cmTryCompileExec3544408449.dir/link.txt --verbose=1
/usr/bin/cc       CMakeFiles/cmTryCompileExec3544408449.dir/CheckIncludeFiles.c.o  -o cmTryCompileExec3544408449 -rdynamic 
make[1]: ディレクトリ `/home/amsl/AMSL_ros_pkg/chibi14_control/CMakeFiles/CMakeTmp' から出ます


Determining if the function pthread_create exists in the pthread passed with the following output:
Change Dir: /home/amsl/AMSL_ros_pkg/chibi14_control/CMakeFiles/CMakeTmp

Run Build Command:/usr/bin/make "cmTryCompileExec2590114886/fast"
/usr/bin/make -f CMakeFiles/cmTryCompileExec2590114886.dir/build.make CMakeFiles/cmTryCompileExec2590114886.dir/build
make[1]: ディレクトリ `/home/amsl/AMSL_ros_pkg/chibi14_control/CMakeFiles/CMakeTmp' に入ります
/usr/bin/cmake -E cmake_progress_report /home/amsl/AMSL_ros_pkg/chibi14_control/CMakeFiles/CMakeTmp/CMakeFiles 1
Building C object CMakeFiles/cmTryCompileExec2590114886.dir/CheckFunctionExists.c.o
/usr/bin/cc   -DCHECK_FUNCTION_EXISTS=pthread_create   -o CMakeFiles/cmTryCompileExec2590114886.dir/CheckFunctionExists.c.o   -c /usr/share/cmake-2.8/Modules/CheckFunctionExists.c
Linking C executable cmTryCompileExec2590114886
/usr/bin/cmake -E cmake_link_script CMakeFiles/cmTryCompileExec2590114886.dir/link.txt --verbose=1
/usr/bin/cc   -DCHECK_FUNCTION_EXISTS=pthread_create    CMakeFiles/cmTryCompileExec2590114886.dir/CheckFunctionExists.c.o  -o cmTryCompileExec2590114886 -rdynamic -lpthread 
make[1]: ディレクトリ `/home/amsl/AMSL_ros_pkg/chibi14_control/CMakeFiles/CMakeTmp' から出ます


Determining if files pthread.h exist passed with the following output:
Change Dir: /home/amsl/AMSL_ros_pkg/chibi14_control/CMakeFiles/CMakeTmp

Run Build Command:/usr/bin/make "cmTryCompileExec956908892/fast"
/usr/bin/make -f CMakeFiles/cmTryCompileExec956908892.dir/build.make CMakeFiles/cmTryCompileExec956908892.dir/build
make[1]: ディレクトリ `/home/amsl/AMSL_ros_pkg/chibi14_control/CMakeFiles/CMakeTmp' に入ります
/usr/bin/cmake -E cmake_progress_report /home/amsl/AMSL_ros_pkg/chibi14_control/CMakeFiles/CMakeTmp/CMakeFiles 1
Building C object CMakeFiles/cmTryCompileExec956908892.dir/CheckIncludeFiles.c.o
/usr/bin/cc    -o CMakeFiles/cmTryCompileExec956908892.dir/CheckIncludeFiles.c.o   -c /home/amsl/AMSL_ros_pkg/chibi14_control/CMakeFiles/CMakeTmp/CheckIncludeFiles.c
Linking C executable cmTryCompileExec956908892
/usr/bin/cmake -E cmake_link_script CMakeFiles/cmTryCompileExec956908892.dir/link.txt --verbose=1
/usr/bin/cc       CMakeFiles/cmTryCompileExec956908892.dir/CheckIncludeFiles.c.o  -o cmTryCompileExec956908892 -rdynamic 
make[1]: ディレクトリ `/home/amsl/AMSL_ros_pkg/chibi14_control/CMakeFiles/CMakeTmp' から出ます


Determining if the function pthread_create exists in the pthread passed with the following output:
Change Dir: /home/amsl/AMSL_ros_pkg/chibi14_control/CMakeFiles/CMakeTmp

Run Build Command:/usr/bin/make "cmTryCompileExec2692657769/fast"
/usr/bin/make -f CMakeFiles/cmTryCompileExec2692657769.dir/build.make CMakeFiles/cmTryCompileExec2692657769.dir/build
make[1]: ディレクトリ `/home/amsl/AMSL_ros_pkg/chibi14_control/CMakeFiles/CMakeTmp' に入ります
/usr/bin/cmake -E cmake_progress_report /home/amsl/AMSL_ros_pkg/chibi14_control/CMakeFiles/CMakeTmp/CMakeFiles 1
Building C object CMakeFiles/cmTryCompileExec2692657769.dir/CheckFunctionExists.c.o
/usr/bin/cc   -DCHECK_FUNCTION_EXISTS=pthread_create   -o CMakeFiles/cmTryCompileExec2692657769.dir/CheckFunctionExists.c.o   -c /usr/share/cmake-2.8/Modules/CheckFunctionExists.c
Linking C executable cmTryCompileExec2692657769
/usr/bin/cmake -E cmake_link_script CMakeFiles/cmTryCompileExec2692657769.dir/link.txt --verbose=1
/usr/bin/cc   -DCHECK_FUNCTION_EXISTS=pthread_create    CMakeFiles/cmTryCompileExec2692657769.dir/CheckFunctionExists.c.o  -o cmTryCompileExec2692657769 -rdynamic -lpthread 
make[1]: ディレクトリ `/home/amsl/AMSL_ros_pkg/chibi14_control/CMakeFiles/CMakeTmp' から出ます


Determining if files pthread.h exist passed with the following output:
Change Dir: /home/amsl/AMSL_ros_pkg/chibi14_control/CMakeFiles/CMakeTmp

Run Build Command:/usr/bin/make "cmTryCompileExec3440801986/fast"
make[1]: ディレクトリ `/home/amsl/AMSL_ros_pkg/chibi14_control/CMakeFiles/CMakeTmp' に入ります
/usr/bin/make -f CMakeFiles/cmTryCompileExec3440801986.dir/build.make CMakeFiles/cmTryCompileExec3440801986.dir/build
make[2]: ディレクトリ `/home/amsl/AMSL_ros_pkg/chibi14_control/CMakeFiles/CMakeTmp' に入ります
/usr/bin/cmake -E cmake_progress_report /home/amsl/AMSL_ros_pkg/chibi14_control/CMakeFiles/CMakeTmp/CMakeFiles 1
Building C object CMakeFiles/cmTryCompileExec3440801986.dir/CheckIncludeFiles.c.o
/usr/bin/cc    -o CMakeFiles/cmTryCompileExec3440801986.dir/CheckIncludeFiles.c.o   -c /home/amsl/AMSL_ros_pkg/chibi14_control/CMakeFiles/CMakeTmp/CheckIncludeFiles.c
Linking C executable cmTryCompileExec3440801986
/usr/bin/cmake -E cmake_link_script CMakeFiles/cmTryCompileExec3440801986.dir/link.txt --verbose=1
/usr/bin/cc       CMakeFiles/cmTryCompileExec3440801986.dir/CheckIncludeFiles.c.o  -o cmTryCompileExec3440801986 -rdynamic 
make[2]: ディレクトリ `/home/amsl/AMSL_ros_pkg/chibi14_control/CMakeFiles/CMakeTmp' から出ます
make[1]: ディレクトリ `/home/amsl/AMSL_ros_pkg/chibi14_control/CMakeFiles/CMakeTmp' から出ます


Determining if the function pthread_create exists in the pthread passed with the following output:
Change Dir: /home/amsl/AMSL_ros_pkg/chibi14_control/CMakeFiles/CMakeTmp

Run Build Command:/usr/bin/make "cmTryCompileExec2172146046/fast"
make[1]: ディレクトリ `/home/amsl/AMSL_ros_pkg/chibi14_control/CMakeFiles/CMakeTmp' に入ります
/usr/bin/make -f CMakeFiles/cmTryCompileExec2172146046.dir/build.make CMakeFiles/cmTryCompileExec2172146046.dir/build
make[2]: ディレクトリ `/home/amsl/AMSL_ros_pkg/chibi14_control/CMakeFiles/CMakeTmp' に入ります
/usr/bin/cmake -E cmake_progress_report /home/amsl/AMSL_ros_pkg/chibi14_control/CMakeFiles/CMakeTmp/CMakeFiles 1
Building C object CMakeFiles/cmTryCompileExec2172146046.dir/CheckFunctionExists.c.o
/usr/bin/cc   -DCHECK_FUNCTION_EXISTS=pthread_create   -o CMakeFiles/cmTryCompileExec2172146046.dir/CheckFunctionExists.c.o   -c /usr/share/cmake-2.8/Modules/CheckFunctionExists.c
Linking C executable cmTryCompileExec2172146046
/usr/bin/cmake -E cmake_link_script CMakeFiles/cmTryCompileExec2172146046.dir/link.txt --verbose=1
/usr/bin/cc   -DCHECK_FUNCTION_EXISTS=pthread_create    CMakeFiles/cmTryCompileExec2172146046.dir/CheckFunctionExists.c.o  -o cmTryCompileExec2172146046 -rdynamic -lpthread 
make[2]: ディレクトリ `/home/amsl/AMSL_ros_pkg/chibi14_control/CMakeFiles/CMakeTmp' から出ます
make[1]: ディレクトリ `/home/amsl/AMSL_ros_pkg/chibi14_control/CMakeFiles/CMakeTmp' から出ます


Determining if files pthread.h exist passed with the following output:
Change Dir: /home/amsl/AMSL_ros_pkg/chibi14_control/CMakeFiles/CMakeTmp

Run Build Command:/usr/bin/make "cmTryCompileExec98986407/fast"
/usr/bin/make -f CMakeFiles/cmTryCompileExec98986407.dir/build.make CMakeFiles/cmTryCompileExec98986407.dir/build
make[1]: ディレクトリ `/home/amsl/AMSL_ros_pkg/chibi14_control/CMakeFiles/CMakeTmp' に入ります
/usr/bin/cmake -E cmake_progress_report /home/amsl/AMSL_ros_pkg/chibi14_control/CMakeFiles/CMakeTmp/CMakeFiles 1
Building C object CMakeFiles/cmTryCompileExec98986407.dir/CheckIncludeFiles.c.o
/usr/bin/cc    -o CMakeFiles/cmTryCompileExec98986407.dir/CheckIncludeFiles.c.o   -c /home/amsl/AMSL_ros_pkg/chibi14_control/CMakeFiles/CMakeTmp/CheckIncludeFiles.c
Linking C executable cmTryCompileExec98986407
/usr/bin/cmake -E cmake_link_script CMakeFiles/cmTryCompileExec98986407.dir/link.txt --verbose=1
/usr/bin/cc       CMakeFiles/cmTryCompileExec98986407.dir/CheckIncludeFiles.c.o  -o cmTryCompileExec98986407 -rdynamic 
make[1]: ディレクトリ `/home/amsl/AMSL_ros_pkg/chibi14_control/CMakeFiles/CMakeTmp' から出ます


Determining if the function pthread_create exists in the pthread passed with the following output:
Change Dir: /home/amsl/AMSL_ros_pkg/chibi14_control/CMakeFiles/CMakeTmp

Run Build Command:/usr/bin/make "cmTryCompileExec3764876696/fast"
/usr/bin/make -f CMakeFiles/cmTryCompileExec3764876696.dir/build.make CMakeFiles/cmTryCompileExec3764876696.dir/build
make[1]: ディレクトリ `/home/amsl/AMSL_ros_pkg/chibi14_control/CMakeFiles/CMakeTmp' に入ります
/usr/bin/cmake -E cmake_progress_report /home/amsl/AMSL_ros_pkg/chibi14_control/CMakeFiles/CMakeTmp/CMakeFiles 1
Building C object CMakeFiles/cmTryCompileExec3764876696.dir/CheckFunctionExists.c.o
/usr/bin/cc   -DCHECK_FUNCTION_EXISTS=pthread_create   -o CMakeFiles/cmTryCompileExec3764876696.dir/CheckFunctionExists.c.o   -c /usr/share/cmake-2.8/Modules/CheckFunctionExists.c
Linking C executable cmTryCompileExec3764876696
/usr/bin/cmake -E cmake_link_script CMakeFiles/cmTryCompileExec3764876696.dir/link.txt --verbose=1
/usr/bin/cc   -DCHECK_FUNCTION_EXISTS=pthread_create    CMakeFiles/cmTryCompileExec3764876696.dir/CheckFunctionExists.c.o  -o cmTryCompileExec3764876696 -rdynamic -lpthread 
make[1]: ディレクトリ `/home/amsl/AMSL_ros_pkg/chibi14_control/CMakeFiles/CMakeTmp' から出ます


Determining if files pthread.h exist passed with the following output:
Change Dir: /home/amsl/AMSL_ros_pkg/chibi14_control/CMakeFiles/CMakeTmp

Run Build Command:/usr/bin/make "cmTryCompileExec1036790372/fast"
/usr/bin/make -f CMakeFiles/cmTryCompileExec1036790372.dir/build.make CMakeFiles/cmTryCompileExec1036790372.dir/build
make[1]: ディレクトリ `/home/amsl/AMSL_ros_pkg/chibi14_control/CMakeFiles/CMakeTmp' に入ります
/usr/bin/cmake -E cmake_progress_report /home/amsl/AMSL_ros_pkg/chibi14_control/CMakeFiles/CMakeTmp/CMakeFiles 1
Building C object CMakeFiles/cmTryCompileExec1036790372.dir/CheckIncludeFiles.c.o
/usr/bin/cc    -o CMakeFiles/cmTryCompileExec1036790372.dir/CheckIncludeFiles.c.o   -c /home/amsl/AMSL_ros_pkg/chibi14_control/CMakeFiles/CMakeTmp/CheckIncludeFiles.c
Linking C executable cmTryCompileExec1036790372
/usr/bin/cmake -E cmake_link_script CMakeFiles/cmTryCompileExec1036790372.dir/link.txt --verbose=1
/usr/bin/cc       CMakeFiles/cmTryCompileExec1036790372.dir/CheckIncludeFiles.c.o  -o cmTryCompileExec1036790372 -rdynamic 
make[1]: ディレクトリ `/home/amsl/AMSL_ros_pkg/chibi14_control/CMakeFiles/CMakeTmp' から出ます


Determining if the function pthread_create exists in the pthread passed with the following output:
Change Dir: /home/amsl/AMSL_ros_pkg/chibi14_control/CMakeFiles/CMakeTmp

Run Build Command:/usr/bin/make "cmTryCompileExec703406928/fast"
/usr/bin/make -f CMakeFiles/cmTryCompileExec703406928.dir/build.make CMakeFiles/cmTryCompileExec703406928.dir/build
make[1]: ディレクトリ `/home/amsl/AMSL_ros_pkg/chibi14_control/CMakeFiles/CMakeTmp' に入ります
/usr/bin/cmake -E cmake_progress_report /home/amsl/AMSL_ros_pkg/chibi14_control/CMakeFiles/CMakeTmp/CMakeFiles 1
Building C object CMakeFiles/cmTryCompileExec703406928.dir/CheckFunctionExists.c.o
/usr/bin/cc   -DCHECK_FUNCTION_EXISTS=pthread_create   -o CMakeFiles/cmTryCompileExec703406928.dir/CheckFunctionExists.c.o   -c /usr/share/cmake-2.8/Modules/CheckFunctionExists.c
Linking C executable cmTryCompileExec703406928
/usr/bin/cmake -E cmake_link_script CMakeFiles/cmTryCompileExec703406928.dir/link.txt --verbose=1
/usr/bin/cc   -DCHECK_FUNCTION_EXISTS=pthread_create    CMakeFiles/cmTryCompileExec703406928.dir/CheckFunctionExists.c.o  -o cmTryCompileExec703406928 -rdynamic -lpthread 
make[1]: ディレクトリ `/home/amsl/AMSL_ros_pkg/chibi14_control/CMakeFiles/CMakeTmp' から出ます


Determining if files pthread.h exist passed with the following output:
Change Dir: /home/amsl/AMSL_ros_pkg/chibi16_control/CMakeFiles/CMakeTmp

Run Build Command:/usr/bin/make "cmTryCompileExec4045168070/fast"
/usr/bin/make -f CMakeFiles/cmTryCompileExec4045168070.dir/build.make CMakeFiles/cmTryCompileExec4045168070.dir/build
make[1]: ディレクトリ `/home/amsl/AMSL_ros_pkg/chibi16_control/CMakeFiles/CMakeTmp' に入ります
/usr/bin/cmake -E cmake_progress_report /home/amsl/AMSL_ros_pkg/chibi16_control/CMakeFiles/CMakeTmp/CMakeFiles 1
Building C object CMakeFiles/cmTryCompileExec4045168070.dir/CheckIncludeFiles.c.o
/usr/bin/cc    -o CMakeFiles/cmTryCompileExec4045168070.dir/CheckIncludeFiles.c.o   -c /home/amsl/AMSL_ros_pkg/chibi16_control/CMakeFiles/CMakeTmp/CheckIncludeFiles.c
Linking C executable cmTryCompileExec4045168070
/usr/bin/cmake -E cmake_link_script CMakeFiles/cmTryCompileExec4045168070.dir/link.txt --verbose=1
/usr/bin/cc       CMakeFiles/cmTryCompileExec4045168070.dir/CheckIncludeFiles.c.o  -o cmTryCompileExec4045168070 -rdynamic 
make[1]: ディレクトリ `/home/amsl/AMSL_ros_pkg/chibi16_control/CMakeFiles/CMakeTmp' から出ます


Determining if the function pthread_create exists in the pthread passed with the following output:
Change Dir: /home/amsl/AMSL_ros_pkg/chibi16_control/CMakeFiles/CMakeTmp

Run Build Command:/usr/bin/make "cmTryCompileExec2118394317/fast"
/usr/bin/make -f CMakeFiles/cmTryCompileExec2118394317.dir/build.make CMakeFiles/cmTryCompileExec2118394317.dir/build
make[1]: ディレクトリ `/home/amsl/AMSL_ros_pkg/chibi16_control/CMakeFiles/CMakeTmp' に入ります
/usr/bin/cmake -E cmake_progress_report /home/amsl/AMSL_ros_pkg/chibi16_control/CMakeFiles/CMakeTmp/CMakeFiles 1
Building C object CMakeFiles/cmTryCompileExec2118394317.dir/CheckFunctionExists.c.o
/usr/bin/cc   -DCHECK_FUNCTION_EXISTS=pthread_create   -o CMakeFiles/cmTryCompileExec2118394317.dir/CheckFunctionExists.c.o   -c /usr/share/cmake-2.8/Modules/CheckFunctionExists.c
Linking C executable cmTryCompileExec2118394317
/usr/bin/cmake -E cmake_link_script CMakeFiles/cmTryCompileExec2118394317.dir/link.txt --verbose=1
/usr/bin/cc   -DCHECK_FUNCTION_EXISTS=pthread_create    CMakeFiles/cmTryCompileExec2118394317.dir/CheckFunctionExists.c.o  -o cmTryCompileExec2118394317 -rdynamic -lpthread 
make[1]: ディレクトリ `/home/amsl/AMSL_ros_pkg/chibi16_control/CMakeFiles/CMakeTmp' から出ます


Determining if files pthread.h exist passed with the following output:
Change Dir: /home/amsl/AMSL_ros_pkg/chibi16_control/CMakeFiles/CMakeTmp

Run Build Command:/usr/bin/make "cmTryCompileExec360843286/fast"
/usr/bin/make -f CMakeFiles/cmTryCompileExec360843286.dir/build.make CMakeFiles/cmTryCompileExec360843286.dir/build
make[1]: ディレクトリ `/home/amsl/AMSL_ros_pkg/chibi16_control/CMakeFiles/CMakeTmp' に入ります
/usr/bin/cmake -E cmake_progress_report /home/amsl/AMSL_ros_pkg/chibi16_control/CMakeFiles/CMakeTmp/CMakeFiles 1
Building C object CMakeFiles/cmTryCompileExec360843286.dir/CheckIncludeFiles.c.o
/usr/bin/cc    -o CMakeFiles/cmTryCompileExec360843286.dir/CheckIncludeFiles.c.o   -c /home/amsl/AMSL_ros_pkg/chibi16_control/CMakeFiles/CMakeTmp/CheckIncludeFiles.c
Linking C executable cmTryCompileExec360843286
/usr/bin/cmake -E cmake_link_script CMakeFiles/cmTryCompileExec360843286.dir/link.txt --verbose=1
/usr/bin/cc       CMakeFiles/cmTryCompileExec360843286.dir/CheckIncludeFiles.c.o  -o cmTryCompileExec360843286 -rdynamic 
make[1]: ディレクトリ `/home/amsl/AMSL_ros_pkg/chibi16_control/CMakeFiles/CMakeTmp' から出ます


Determining if the function pthread_create exists in the pthread passed with the following output:
Change Dir: /home/amsl/AMSL_ros_pkg/chibi16_control/CMakeFiles/CMakeTmp

Run Build Command:/usr/bin/make "cmTryCompileExec3027203110/fast"
/usr/bin/make -f CMakeFiles/cmTryCompileExec3027203110.dir/build.make CMakeFiles/cmTryCompileExec3027203110.dir/build
make[1]: ディレクトリ `/home/amsl/AMSL_ros_pkg/chibi16_control/CMakeFiles/CMakeTmp' に入ります
/usr/bin/cmake -E cmake_progress_report /home/amsl/AMSL_ros_pkg/chibi16_control/CMakeFiles/CMakeTmp/CMakeFiles 1
Building C object CMakeFiles/cmTryCompileExec3027203110.dir/CheckFunctionExists.c.o
/usr/bin/cc   -DCHECK_FUNCTION_EXISTS=pthread_create   -o CMakeFiles/cmTryCompileExec3027203110.dir/CheckFunctionExists.c.o   -c /usr/share/cmake-2.8/Modules/CheckFunctionExists.c
Linking C executable cmTryCompileExec3027203110
/usr/bin/cmake -E cmake_link_script CMakeFiles/cmTryCompileExec3027203110.dir/link.txt --verbose=1
/usr/bin/cc   -DCHECK_FUNCTION_EXISTS=pthread_create    CMakeFiles/cmTryCompileExec3027203110.dir/CheckFunctionExists.c.o  -o cmTryCompileExec3027203110 -rdynamic -lpthread 
make[1]: ディレクトリ `/home/amsl/AMSL_ros_pkg/chibi16_control/CMakeFiles/CMakeTmp' から出ます


Determining if files pthread.h exist passed with the following output:
Change Dir: /home/amsl/AMSL_ros_pkg/chibi16_control/CMakeFiles/CMakeTmp

Run Build Command:/usr/bin/make "cmTryCompileExec1357847345/fast"
/usr/bin/make -f CMakeFiles/cmTryCompileExec1357847345.dir/build.make CMakeFiles/cmTryCompileExec1357847345.dir/build
make[1]: ディレクトリ `/home/amsl/AMSL_ros_pkg/chibi16_control/CMakeFiles/CMakeTmp' に入ります
/usr/bin/cmake -E cmake_progress_report /home/amsl/AMSL_ros_pkg/chibi16_control/CMakeFiles/CMakeTmp/CMakeFiles 1
Building C object CMakeFiles/cmTryCompileExec1357847345.dir/CheckIncludeFiles.c.o
/usr/bin/cc    -o CMakeFiles/cmTryCompileExec1357847345.dir/CheckIncludeFiles.c.o   -c /home/amsl/AMSL_ros_pkg/chibi16_control/CMakeFiles/CMakeTmp/CheckIncludeFiles.c
Linking C executable cmTryCompileExec1357847345
/usr/bin/cmake -E cmake_link_script CMakeFiles/cmTryCompileExec1357847345.dir/link.txt --verbose=1
/usr/bin/cc       CMakeFiles/cmTryCompileExec1357847345.dir/CheckIncludeFiles.c.o  -o cmTryCompileExec1357847345 -rdynamic 
make[1]: ディレクトリ `/home/amsl/AMSL_ros_pkg/chibi16_control/CMakeFiles/CMakeTmp' から出ます


Determining if the function pthread_create exists in the pthread passed with the following output:
Change Dir: /home/amsl/AMSL_ros_pkg/chibi16_control/CMakeFiles/CMakeTmp

Run Build Command:/usr/bin/make "cmTryCompileExec2227477656/fast"
/usr/bin/make -f CMakeFiles/cmTryCompileExec2227477656.dir/build.make CMakeFiles/cmTryCompileExec2227477656.dir/build
make[1]: ディレクトリ `/home/amsl/AMSL_ros_pkg/chibi16_control/CMakeFiles/CMakeTmp' に入ります
/usr/bin/cmake -E cmake_progress_report /home/amsl/AMSL_ros_pkg/chibi16_control/CMakeFiles/CMakeTmp/CMakeFiles 1
Building C object CMakeFiles/cmTryCompileExec2227477656.dir/CheckFunctionExists.c.o
/usr/bin/cc   -DCHECK_FUNCTION_EXISTS=pthread_create   -o CMakeFiles/cmTryCompileExec2227477656.dir/CheckFunctionExists.c.o   -c /usr/share/cmake-2.8/Modules/CheckFunctionExists.c
Linking C executable cmTryCompileExec2227477656
/usr/bin/cmake -E cmake_link_script CMakeFiles/cmTryCompileExec2227477656.dir/link.txt --verbose=1
/usr/bin/cc   -DCHECK_FUNCTION_EXISTS=pthread_create    CMakeFiles/cmTryCompileExec2227477656.dir/CheckFunctionExists.c.o  -o cmTryCompileExec2227477656 -rdynamic -lpthread 
make[1]: ディレクトリ `/home/amsl/AMSL_ros_pkg/chibi16_control/CMakeFiles/CMakeTmp' から出ます


