Determining if the pthread_create exist failed with the following output:
Change Dir: /home/amsl/AMSL_ros_pkg/roomba_robot_meiji/roomba_teleop_meiji/CMakeFiles/CMakeTmp

Run Build Command:/usr/bin/make "cmTryCompileExec1542012929/fast"
make[1]: ディレクトリ `/home/amsl/AMSL_ros_pkg/roomba_robot_meiji/roomba_teleop_meiji/CMakeFiles/CMakeTmp' に入ります
/usr/bin/make -f CMakeFiles/cmTryCompileExec1542012929.dir/build.make CMakeFiles/cmTryCompileExec1542012929.dir/build
make[2]: ディレクトリ `/home/amsl/AMSL_ros_pkg/roomba_robot_meiji/roomba_teleop_meiji/CMakeFiles/CMakeTmp' に入ります
/usr/bin/cmake -E cmake_progress_report /home/amsl/AMSL_ros_pkg/roomba_robot_meiji/roomba_teleop_meiji/CMakeFiles/CMakeTmp/CMakeFiles 1
Building C object CMakeFiles/cmTryCompileExec1542012929.dir/CheckSymbolExists.c.o
/usr/bin/gcc    -o CMakeFiles/cmTryCompileExec1542012929.dir/CheckSymbolExists.c.o   -c /home/amsl/AMSL_ros_pkg/roomba_robot_meiji/roomba_teleop_meiji/CMakeFiles/CMakeTmp/CheckSymbolExists.c
Linking C executable cmTryCompileExec1542012929
/usr/bin/cmake -E cmake_link_script CMakeFiles/cmTryCompileExec1542012929.dir/link.txt --verbose=1
/usr/bin/gcc         CMakeFiles/cmTryCompileExec1542012929.dir/CheckSymbolExists.c.o  -o cmTryCompileExec1542012929 -rdynamic 
CMakeFiles/cmTryCompileExec1542012929.dir/CheckSymbolExists.c.o: 関数 `main' 内:
CheckSymbolExists.c:(.text+0x16): `pthread_create' に対する定義されていない参照です
collect2: エラー: ld はステータス 1 で終了しました
make[2]: *** [cmTryCompileExec1542012929] エラー 1
make[2]: ディレクトリ `/home/amsl/AMSL_ros_pkg/roomba_robot_meiji/roomba_teleop_meiji/CMakeFiles/CMakeTmp' から出ます
make[1]: ディレクトリ `/home/amsl/AMSL_ros_pkg/roomba_robot_meiji/roomba_teleop_meiji/CMakeFiles/CMakeTmp' から出ます
make[1]: *** [cmTryCompileExec1542012929/fast] エラー 2

File /home/amsl/AMSL_ros_pkg/roomba_robot_meiji/roomba_teleop_meiji/CMakeFiles/CMakeTmp/CheckSymbolExists.c:
/* */
#include <pthread.h>

int main(int argc, char** argv)
{
  (void)argv;
#ifndef pthread_create
  return ((int*)(&pthread_create))[argc];
#else
  (void)argc;
  return 0;
#endif
}

Determining if the function pthread_create exists in the pthreads failed with the following output:
Change Dir: /home/amsl/AMSL_ros_pkg/roomba_robot_meiji/roomba_teleop_meiji/CMakeFiles/CMakeTmp

Run Build Command:/usr/bin/make "cmTryCompileExec3236829708/fast"
make[1]: ディレクトリ `/home/amsl/AMSL_ros_pkg/roomba_robot_meiji/roomba_teleop_meiji/CMakeFiles/CMakeTmp' に入ります
/usr/bin/make -f CMakeFiles/cmTryCompileExec3236829708.dir/build.make CMakeFiles/cmTryCompileExec3236829708.dir/build
make[2]: ディレクトリ `/home/amsl/AMSL_ros_pkg/roomba_robot_meiji/roomba_teleop_meiji/CMakeFiles/CMakeTmp' に入ります
/usr/bin/cmake -E cmake_progress_report /home/amsl/AMSL_ros_pkg/roomba_robot_meiji/roomba_teleop_meiji/CMakeFiles/CMakeTmp/CMakeFiles 1
Building C object CMakeFiles/cmTryCompileExec3236829708.dir/CheckFunctionExists.c.o
/usr/bin/gcc   -DCHECK_FUNCTION_EXISTS=pthread_create   -o CMakeFiles/cmTryCompileExec3236829708.dir/CheckFunctionExists.c.o   -c /usr/share/cmake-2.8/Modules/CheckFunctionExists.c
Linking C executable cmTryCompileExec3236829708
/usr/bin/cmake -E cmake_link_script CMakeFiles/cmTryCompileExec3236829708.dir/link.txt --verbose=1
/usr/bin/gcc     -DCHECK_FUNCTION_EXISTS=pthread_create    CMakeFiles/cmTryCompileExec3236829708.dir/CheckFunctionExists.c.o  -o cmTryCompileExec3236829708 -rdynamic -lpthreads 
/usr/bin/ld: -lpthreads が見つかりません
collect2: エラー: ld はステータス 1 で終了しました
make[2]: *** [cmTryCompileExec3236829708] エラー 1
make[2]: ディレクトリ `/home/amsl/AMSL_ros_pkg/roomba_robot_meiji/roomba_teleop_meiji/CMakeFiles/CMakeTmp' から出ます
make[1]: *** [cmTryCompileExec3236829708/fast] エラー 2
make[1]: ディレクトリ `/home/amsl/AMSL_ros_pkg/roomba_robot_meiji/roomba_teleop_meiji/CMakeFiles/CMakeTmp' から出ます


Determining if the pthread_create exist failed with the following output:
Change Dir: /home/amsl/AMSL_ros_pkg/roomba_robot_meiji/roomba_teleop_meiji/CMakeFiles/CMakeTmp

Run Build Command:/usr/bin/make "cmTryCompileExec3059005841/fast"
/usr/bin/make -f CMakeFiles/cmTryCompileExec3059005841.dir/build.make CMakeFiles/cmTryCompileExec3059005841.dir/build
make[1]: ディレクトリ `/home/amsl/AMSL_ros_pkg/roomba_robot_meiji/roomba_teleop_meiji/CMakeFiles/CMakeTmp' に入ります
/usr/bin/cmake -E cmake_progress_report /home/amsl/AMSL_ros_pkg/roomba_robot_meiji/roomba_teleop_meiji/CMakeFiles/CMakeTmp/CMakeFiles 1
Building C object CMakeFiles/cmTryCompileExec3059005841.dir/CheckSymbolExists.c.o
/usr/bin/gcc    -o CMakeFiles/cmTryCompileExec3059005841.dir/CheckSymbolExists.c.o   -c /home/amsl/AMSL_ros_pkg/roomba_robot_meiji/roomba_teleop_meiji/CMakeFiles/CMakeTmp/CheckSymbolExists.c
Linking C executable cmTryCompileExec3059005841
/usr/bin/cmake -E cmake_link_script CMakeFiles/cmTryCompileExec3059005841.dir/link.txt --verbose=1
/usr/bin/gcc         CMakeFiles/cmTryCompileExec3059005841.dir/CheckSymbolExists.c.o  -o cmTryCompileExec3059005841 -rdynamic 
CMakeFiles/cmTryCompileExec3059005841.dir/CheckSymbolExists.c.o: 関数 `main' 内:
CheckSymbolExists.c:(.text+0x16): `pthread_create' に対する定義されていない参照です
collect2: エラー: ld はステータス 1 で終了しました
make[1]: *** [cmTryCompileExec3059005841] エラー 1
make[1]: ディレクトリ `/home/amsl/AMSL_ros_pkg/roomba_robot_meiji/roomba_teleop_meiji/CMakeFiles/CMakeTmp' から出ます
make: *** [cmTryCompileExec3059005841/fast] エラー 2

File /home/amsl/AMSL_ros_pkg/roomba_robot_meiji/roomba_teleop_meiji/CMakeFiles/CMakeTmp/CheckSymbolExists.c:
/* */
#include <pthread.h>

int main(int argc, char** argv)
{
  (void)argv;
#ifndef pthread_create
  return ((int*)(&pthread_create))[argc];
#else
  (void)argc;
  return 0;
#endif
}

Determining if the function pthread_create exists in the pthreads failed with the following output:
Change Dir: /home/amsl/AMSL_ros_pkg/roomba_robot_meiji/roomba_teleop_meiji/CMakeFiles/CMakeTmp

Run Build Command:/usr/bin/make "cmTryCompileExec3674455058/fast"
/usr/bin/make -f CMakeFiles/cmTryCompileExec3674455058.dir/build.make CMakeFiles/cmTryCompileExec3674455058.dir/build
make[1]: ディレクトリ `/home/amsl/AMSL_ros_pkg/roomba_robot_meiji/roomba_teleop_meiji/CMakeFiles/CMakeTmp' に入ります
/usr/bin/cmake -E cmake_progress_report /home/amsl/AMSL_ros_pkg/roomba_robot_meiji/roomba_teleop_meiji/CMakeFiles/CMakeTmp/CMakeFiles 1
Building C object CMakeFiles/cmTryCompileExec3674455058.dir/CheckFunctionExists.c.o
/usr/bin/gcc   -DCHECK_FUNCTION_EXISTS=pthread_create   -o CMakeFiles/cmTryCompileExec3674455058.dir/CheckFunctionExists.c.o   -c /usr/share/cmake-2.8/Modules/CheckFunctionExists.c
Linking C executable cmTryCompileExec3674455058
/usr/bin/cmake -E cmake_link_script CMakeFiles/cmTryCompileExec3674455058.dir/link.txt --verbose=1
/usr/bin/gcc     -DCHECK_FUNCTION_EXISTS=pthread_create    CMakeFiles/cmTryCompileExec3674455058.dir/CheckFunctionExists.c.o  -o cmTryCompileExec3674455058 -rdynamic -lpthreads 
/usr/bin/ld: -lpthreads が見つかりません
collect2: エラー: ld はステータス 1 で終了しました
make[1]: *** [cmTryCompileExec3674455058] エラー 1
make[1]: ディレクトリ `/home/amsl/AMSL_ros_pkg/roomba_robot_meiji/roomba_teleop_meiji/CMakeFiles/CMakeTmp' から出ます
make: *** [cmTryCompileExec3674455058/fast] エラー 2


Determining if the function pthread_create exists in the pthreads failed with the following output:
Change Dir: /home/amsl/AMSL_ros_pkg/roomba_robot_meiji/roomba_teleop_meiji/CMakeFiles/CMakeTmp

Run Build Command:/usr/bin/make "cmTryCompileExec/fast"
/usr/bin/make -f CMakeFiles/cmTryCompileExec.dir/build.make CMakeFiles/cmTryCompileExec.dir/build
make[1]: ディレクトリ `/home/amsl/AMSL_ros_pkg/roomba_robot_meiji/roomba_teleop_meiji/CMakeFiles/CMakeTmp' に入ります
/usr/bin/cmake -E cmake_progress_report /home/amsl/AMSL_ros_pkg/roomba_robot_meiji/roomba_teleop_meiji/CMakeFiles/CMakeTmp/CMakeFiles 1
Building C object CMakeFiles/cmTryCompileExec.dir/CheckFunctionExists.c.o
/usr/bin/gcc   -DCHECK_FUNCTION_EXISTS=pthread_create   -o CMakeFiles/cmTryCompileExec.dir/CheckFunctionExists.c.o   -c /usr/share/cmake-2.8/Modules/CheckFunctionExists.c
Linking C executable cmTryCompileExec
/usr/bin/cmake -E cmake_link_script CMakeFiles/cmTryCompileExec.dir/link.txt --verbose=1
/usr/bin/gcc     -DCHECK_FUNCTION_EXISTS=pthread_create    CMakeFiles/cmTryCompileExec.dir/CheckFunctionExists.c.o  -o cmTryCompileExec -rdynamic -lpthreads 
/usr/bin/ld: cannot find -lpthreads
collect2: ld はステータス 1 で終了しました
make[1]: ディレクトリ `/home/amsl/AMSL_ros_pkg/roomba_robot_meiji/roomba_teleop_meiji/CMakeFiles/CMakeTmp' から出ます
make[1]: *** [cmTryCompileExec] エラー 1
make: *** [cmTryCompileExec/fast] エラー 2


Determining if the function pthread_create exists in the pthreads failed with the following output:
Change Dir: /home/amsl/AMSL_ros_pkg/roomba_robot_meiji/roomba_teleop_meiji/CMakeFiles/CMakeTmp

Run Build Command:/usr/bin/make "cmTryCompileExec/fast"
make[1]: ディレクトリ `/home/amsl/AMSL_ros_pkg/roomba_robot_meiji/roomba_teleop_meiji/CMakeFiles/CMakeTmp' に入ります
/usr/bin/make -f CMakeFiles/cmTryCompileExec.dir/build.make CMakeFiles/cmTryCompileExec.dir/build
make[2]: ディレクトリ `/home/amsl/AMSL_ros_pkg/roomba_robot_meiji/roomba_teleop_meiji/CMakeFiles/CMakeTmp' に入ります
/usr/bin/cmake -E cmake_progress_report /home/amsl/AMSL_ros_pkg/roomba_robot_meiji/roomba_teleop_meiji/CMakeFiles/CMakeTmp/CMakeFiles 1
Building C object CMakeFiles/cmTryCompileExec.dir/CheckFunctionExists.c.o
/usr/bin/gcc   -DCHECK_FUNCTION_EXISTS=pthread_create   -o CMakeFiles/cmTryCompileExec.dir/CheckFunctionExists.c.o   -c /usr/share/cmake-2.8/Modules/CheckFunctionExists.c
Linking C executable cmTryCompileExec
/usr/bin/cmake -E cmake_link_script CMakeFiles/cmTryCompileExec.dir/link.txt --verbose=1
/usr/bin/gcc     -DCHECK_FUNCTION_EXISTS=pthread_create    CMakeFiles/cmTryCompileExec.dir/CheckFunctionExists.c.o  -o cmTryCompileExec -rdynamic -lpthreads 
/usr/bin/ld: cannot find -lpthreads
collect2: ld はステータス 1 で終了しました
make[2]: ディレクトリ `/home/amsl/AMSL_ros_pkg/roomba_robot_meiji/roomba_teleop_meiji/CMakeFiles/CMakeTmp' から出ます
make[2]: *** [cmTryCompileExec] エラー 1
make[1]: ディレクトリ `/home/amsl/AMSL_ros_pkg/roomba_robot_meiji/roomba_teleop_meiji/CMakeFiles/CMakeTmp' から出ます
make[1]: *** [cmTryCompileExec/fast] エラー 2


Determining if the function pthread_create exists in the pthreads failed with the following output:
Change Dir: /home/amsl/AMSL_ros_pkg/roomba_robot_meiji/roomba_teleop_meiji/CMakeFiles/CMakeTmp

Run Build Command:/usr/bin/make "cmTryCompileExec/fast"
/usr/bin/make -f CMakeFiles/cmTryCompileExec.dir/build.make CMakeFiles/cmTryCompileExec.dir/build
make[1]: ディレクトリ `/home/amsl/AMSL_ros_pkg/roomba_robot_meiji/roomba_teleop_meiji/CMakeFiles/CMakeTmp' に入ります
/usr/bin/cmake -E cmake_progress_report /home/amsl/AMSL_ros_pkg/roomba_robot_meiji/roomba_teleop_meiji/CMakeFiles/CMakeTmp/CMakeFiles 1
Building C object CMakeFiles/cmTryCompileExec.dir/CheckFunctionExists.c.o
/usr/bin/gcc   -DCHECK_FUNCTION_EXISTS=pthread_create   -o CMakeFiles/cmTryCompileExec.dir/CheckFunctionExists.c.o   -c /usr/share/cmake-2.8/Modules/CheckFunctionExists.c
Linking C executable cmTryCompileExec
/usr/bin/cmake -E cmake_link_script CMakeFiles/cmTryCompileExec.dir/link.txt --verbose=1
/usr/bin/gcc     -DCHECK_FUNCTION_EXISTS=pthread_create    CMakeFiles/cmTryCompileExec.dir/CheckFunctionExists.c.o  -o cmTryCompileExec -rdynamic -lpthreads 
/usr/bin/ld: cannot find -lpthreads
collect2: ld はステータス 1 で終了しました
make[1]: *** [cmTryCompileExec] エラー 1
make[1]: ディレクトリ `/home/amsl/AMSL_ros_pkg/roomba_robot_meiji/roomba_teleop_meiji/CMakeFiles/CMakeTmp' から出ます
make: *** [cmTryCompileExec/fast] エラー 2


Determining if the function pthread_create exists in the pthreads failed with the following output:
Change Dir: /home/amsl/AMSL_ros_pkg/roomba_robot_meiji/roomba_teleop_meiji/CMakeFiles/CMakeTmp

Run Build Command:/usr/bin/make "cmTryCompileExec/fast"
/usr/bin/make -f CMakeFiles/cmTryCompileExec.dir/build.make CMakeFiles/cmTryCompileExec.dir/build
make[1]: ディレクトリ `/home/amsl/AMSL_ros_pkg/roomba_robot_meiji/roomba_teleop_meiji/CMakeFiles/CMakeTmp' に入ります
/usr/bin/cmake -E cmake_progress_report /home/amsl/AMSL_ros_pkg/roomba_robot_meiji/roomba_teleop_meiji/CMakeFiles/CMakeTmp/CMakeFiles 1
Building C object CMakeFiles/cmTryCompileExec.dir/CheckFunctionExists.c.o
/usr/bin/gcc   -DCHECK_FUNCTION_EXISTS=pthread_create   -o CMakeFiles/cmTryCompileExec.dir/CheckFunctionExists.c.o   -c /usr/share/cmake-2.8/Modules/CheckFunctionExists.c
Linking C executable cmTryCompileExec
/usr/bin/cmake -E cmake_link_script CMakeFiles/cmTryCompileExec.dir/link.txt --verbose=1
/usr/bin/gcc     -DCHECK_FUNCTION_EXISTS=pthread_create    CMakeFiles/cmTryCompileExec.dir/CheckFunctionExists.c.o  -o cmTryCompileExec -rdynamic -lpthreads 
/usr/bin/ld: cannot find -lpthreads
collect2: ld はステータス 1 で終了しました
make[1]: *** [cmTryCompileExec] エラー 1
make[1]: ディレクトリ `/home/amsl/AMSL_ros_pkg/roomba_robot_meiji/roomba_teleop_meiji/CMakeFiles/CMakeTmp' から出ます
make: *** [cmTryCompileExec/fast] エラー 2


Determining if the function pthread_create exists in the pthreads failed with the following output:
Change Dir: /home/amsl/AMSL_ros_pkg/roomba_robot_meiji/roomba_teleop_meiji/CMakeFiles/CMakeTmp

Run Build Command:/usr/bin/make "cmTryCompileExec/fast"
/usr/bin/make -f CMakeFiles/cmTryCompileExec.dir/build.make CMakeFiles/cmTryCompileExec.dir/build
make[1]: ディレクトリ `/home/amsl/AMSL_ros_pkg/roomba_robot_meiji/roomba_teleop_meiji/CMakeFiles/CMakeTmp' に入ります
/usr/bin/cmake -E cmake_progress_report /home/amsl/AMSL_ros_pkg/roomba_robot_meiji/roomba_teleop_meiji/CMakeFiles/CMakeTmp/CMakeFiles 1
Building C object CMakeFiles/cmTryCompileExec.dir/CheckFunctionExists.c.o
/usr/bin/gcc   -DCHECK_FUNCTION_EXISTS=pthread_create   -o CMakeFiles/cmTryCompileExec.dir/CheckFunctionExists.c.o   -c /usr/share/cmake-2.8/Modules/CheckFunctionExists.c
Linking C executable cmTryCompileExec
/usr/bin/cmake -E cmake_link_script CMakeFiles/cmTryCompileExec.dir/link.txt --verbose=1
/usr/bin/gcc     -DCHECK_FUNCTION_EXISTS=pthread_create    CMakeFiles/cmTryCompileExec.dir/CheckFunctionExists.c.o  -o cmTryCompileExec -rdynamic -lpthreads 
/usr/bin/ld: cannot find -lpthreads
collect2: ld はステータス 1 で終了しました
make[1]: *** [cmTryCompileExec] エラー 1
make[1]: ディレクトリ `/home/amsl/AMSL_ros_pkg/roomba_robot_meiji/roomba_teleop_meiji/CMakeFiles/CMakeTmp' から出ます
make: *** [cmTryCompileExec/fast] エラー 2


Determining if the function pthread_create exists in the pthreads failed with the following output:
Change Dir: /home/amsl/AMSL_ros_pkg/roomba_robot_meiji/roomba_teleop_meiji/CMakeFiles/CMakeTmp

Run Build Command:/usr/bin/make "cmTryCompileExec/fast"
/usr/bin/make -f CMakeFiles/cmTryCompileExec.dir/build.make CMakeFiles/cmTryCompileExec.dir/build
make[1]: ディレクトリ `/home/amsl/AMSL_ros_pkg/roomba_robot_meiji/roomba_teleop_meiji/CMakeFiles/CMakeTmp' に入ります
/usr/bin/cmake -E cmake_progress_report /home/amsl/AMSL_ros_pkg/roomba_robot_meiji/roomba_teleop_meiji/CMakeFiles/CMakeTmp/CMakeFiles 1
Building C object CMakeFiles/cmTryCompileExec.dir/CheckFunctionExists.c.o
/usr/bin/gcc   -DCHECK_FUNCTION_EXISTS=pthread_create   -o CMakeFiles/cmTryCompileExec.dir/CheckFunctionExists.c.o   -c /usr/share/cmake-2.8/Modules/CheckFunctionExists.c
Linking C executable cmTryCompileExec
/usr/bin/cmake -E cmake_link_script CMakeFiles/cmTryCompileExec.dir/link.txt --verbose=1
/usr/bin/gcc     -DCHECK_FUNCTION_EXISTS=pthread_create    CMakeFiles/cmTryCompileExec.dir/CheckFunctionExists.c.o  -o cmTryCompileExec -rdynamic -lpthreads 
/usr/bin/ld: cannot find -lpthreads
collect2: ld はステータス 1 で終了しました
make[1]: *** [cmTryCompileExec] エラー 1
make[1]: ディレクトリ `/home/amsl/AMSL_ros_pkg/roomba_robot_meiji/roomba_teleop_meiji/CMakeFiles/CMakeTmp' から出ます
make: *** [cmTryCompileExec/fast] エラー 2


Determining if the pthread_create exist failed with the following output:
Change Dir: /home/amsl/AMSL_ros_pkg/roomba_robot_meiji/roomba_teleop_meiji/CMakeFiles/CMakeTmp

Run Build Command:/usr/bin/make "cmTryCompileExec3851724459/fast"
/usr/bin/make -f CMakeFiles/cmTryCompileExec3851724459.dir/build.make CMakeFiles/cmTryCompileExec3851724459.dir/build
make[1]: ディレクトリ `/home/amsl/AMSL_ros_pkg/roomba_robot_meiji/roomba_teleop_meiji/CMakeFiles/CMakeTmp' に入ります
/usr/bin/cmake -E cmake_progress_report /home/amsl/AMSL_ros_pkg/roomba_robot_meiji/roomba_teleop_meiji/CMakeFiles/CMakeTmp/CMakeFiles 1
Building C object CMakeFiles/cmTryCompileExec3851724459.dir/CheckSymbolExists.c.o
/usr/bin/cc    -o CMakeFiles/cmTryCompileExec3851724459.dir/CheckSymbolExists.c.o   -c /home/amsl/AMSL_ros_pkg/roomba_robot_meiji/roomba_teleop_meiji/CMakeFiles/CMakeTmp/CheckSymbolExists.c
Linking C executable cmTryCompileExec3851724459
/usr/bin/cmake -E cmake_link_script CMakeFiles/cmTryCompileExec3851724459.dir/link.txt --verbose=1
/usr/bin/cc       CMakeFiles/cmTryCompileExec3851724459.dir/CheckSymbolExists.c.o  -o cmTryCompileExec3851724459 -rdynamic 
CMakeFiles/cmTryCompileExec3851724459.dir/CheckSymbolExists.c.o: 関数 `main' 内:
CheckSymbolExists.c:(.text+0x16): `pthread_create' に対する定義されていない参照です
collect2: error: ld returned 1 exit status
make[1]: *** [cmTryCompileExec3851724459] エラー 1
make[1]: ディレクトリ `/home/amsl/AMSL_ros_pkg/roomba_robot_meiji/roomba_teleop_meiji/CMakeFiles/CMakeTmp' から出ます
make: *** [cmTryCompileExec3851724459/fast] エラー 2

File /home/amsl/AMSL_ros_pkg/roomba_robot_meiji/roomba_teleop_meiji/CMakeFiles/CMakeTmp/CheckSymbolExists.c:
/* */
#include <pthread.h>

int main(int argc, char** argv)
{
  (void)argv;
#ifndef pthread_create
  return ((int*)(&pthread_create))[argc];
#else
  (void)argc;
  return 0;
#endif
}

Determining if the function pthread_create exists in the pthreads failed with the following output:
Change Dir: /home/amsl/AMSL_ros_pkg/roomba_robot_meiji/roomba_teleop_meiji/CMakeFiles/CMakeTmp

Run Build Command:/usr/bin/make "cmTryCompileExec1169256612/fast"
/usr/bin/make -f CMakeFiles/cmTryCompileExec1169256612.dir/build.make CMakeFiles/cmTryCompileExec1169256612.dir/build
make[1]: ディレクトリ `/home/amsl/AMSL_ros_pkg/roomba_robot_meiji/roomba_teleop_meiji/CMakeFiles/CMakeTmp' に入ります
/usr/bin/cmake -E cmake_progress_report /home/amsl/AMSL_ros_pkg/roomba_robot_meiji/roomba_teleop_meiji/CMakeFiles/CMakeTmp/CMakeFiles 1
Building C object CMakeFiles/cmTryCompileExec1169256612.dir/CheckFunctionExists.c.o
/usr/bin/cc   -DCHECK_FUNCTION_EXISTS=pthread_create   -o CMakeFiles/cmTryCompileExec1169256612.dir/CheckFunctionExists.c.o   -c /usr/share/cmake-2.8/Modules/CheckFunctionExists.c
Linking C executable cmTryCompileExec1169256612
/usr/bin/cmake -E cmake_link_script CMakeFiles/cmTryCompileExec1169256612.dir/link.txt --verbose=1
/usr/bin/cc   -DCHECK_FUNCTION_EXISTS=pthread_create    CMakeFiles/cmTryCompileExec1169256612.dir/CheckFunctionExists.c.o  -o cmTryCompileExec1169256612 -rdynamic -lpthreads 
/usr/bin/ld: -lpthreads が見つかりません
collect2: error: ld returned 1 exit status
make[1]: *** [cmTryCompileExec1169256612] エラー 1
make[1]: ディレクトリ `/home/amsl/AMSL_ros_pkg/roomba_robot_meiji/roomba_teleop_meiji/CMakeFiles/CMakeTmp' から出ます
make: *** [cmTryCompileExec1169256612/fast] エラー 2


Determining if the pthread_create exist failed with the following output:
Change Dir: /home/amsl/AMSL_ros_pkg/roomba_robot_meiji/roomba_teleop_meiji/CMakeFiles/CMakeTmp

Run Build Command:/usr/bin/make "cmTryCompileExec2877582223/fast"
/usr/bin/make -f CMakeFiles/cmTryCompileExec2877582223.dir/build.make CMakeFiles/cmTryCompileExec2877582223.dir/build
make[1]: ディレクトリ `/home/amsl/AMSL_ros_pkg/roomba_robot_meiji/roomba_teleop_meiji/CMakeFiles/CMakeTmp' に入ります
/usr/bin/cmake -E cmake_progress_report /home/amsl/AMSL_ros_pkg/roomba_robot_meiji/roomba_teleop_meiji/CMakeFiles/CMakeTmp/CMakeFiles 1
Building C object CMakeFiles/cmTryCompileExec2877582223.dir/CheckSymbolExists.c.o
/usr/bin/cc    -o CMakeFiles/cmTryCompileExec2877582223.dir/CheckSymbolExists.c.o   -c /home/amsl/AMSL_ros_pkg/roomba_robot_meiji/roomba_teleop_meiji/CMakeFiles/CMakeTmp/CheckSymbolExists.c
Linking C executable cmTryCompileExec2877582223
/usr/bin/cmake -E cmake_link_script CMakeFiles/cmTryCompileExec2877582223.dir/link.txt --verbose=1
/usr/bin/cc       CMakeFiles/cmTryCompileExec2877582223.dir/CheckSymbolExists.c.o  -o cmTryCompileExec2877582223 -rdynamic 
CMakeFiles/cmTryCompileExec2877582223.dir/CheckSymbolExists.c.o: 関数 `main' 内:
CheckSymbolExists.c:(.text+0x16): `pthread_create' に対する定義されていない参照です
collect2: error: ld returned 1 exit status
make[1]: ディレクトリ `/home/amsl/AMSL_ros_pkg/roomba_robot_meiji/roomba_teleop_meiji/CMakeFiles/CMakeTmp' から出ます
make[1]: *** [cmTryCompileExec2877582223] エラー 1
make: *** [cmTryCompileExec2877582223/fast] エラー 2

File /home/amsl/AMSL_ros_pkg/roomba_robot_meiji/roomba_teleop_meiji/CMakeFiles/CMakeTmp/CheckSymbolExists.c:
/* */
#include <pthread.h>

int main(int argc, char** argv)
{
  (void)argv;
#ifndef pthread_create
  return ((int*)(&pthread_create))[argc];
#else
  (void)argc;
  return 0;
#endif
}

Determining if the function pthread_create exists in the pthreads failed with the following output:
Change Dir: /home/amsl/AMSL_ros_pkg/roomba_robot_meiji/roomba_teleop_meiji/CMakeFiles/CMakeTmp

Run Build Command:/usr/bin/make "cmTryCompileExec120405897/fast"
/usr/bin/make -f CMakeFiles/cmTryCompileExec120405897.dir/build.make CMakeFiles/cmTryCompileExec120405897.dir/build
make[1]: ディレクトリ `/home/amsl/AMSL_ros_pkg/roomba_robot_meiji/roomba_teleop_meiji/CMakeFiles/CMakeTmp' に入ります
/usr/bin/cmake -E cmake_progress_report /home/amsl/AMSL_ros_pkg/roomba_robot_meiji/roomba_teleop_meiji/CMakeFiles/CMakeTmp/CMakeFiles 1
Building C object CMakeFiles/cmTryCompileExec120405897.dir/CheckFunctionExists.c.o
/usr/bin/cc   -DCHECK_FUNCTION_EXISTS=pthread_create   -o CMakeFiles/cmTryCompileExec120405897.dir/CheckFunctionExists.c.o   -c /usr/share/cmake-2.8/Modules/CheckFunctionExists.c
Linking C executable cmTryCompileExec120405897
/usr/bin/cmake -E cmake_link_script CMakeFiles/cmTryCompileExec120405897.dir/link.txt --verbose=1
/usr/bin/cc   -DCHECK_FUNCTION_EXISTS=pthread_create    CMakeFiles/cmTryCompileExec120405897.dir/CheckFunctionExists.c.o  -o cmTryCompileExec120405897 -rdynamic -lpthreads 
/usr/bin/ld: -lpthreads が見つかりません
collect2: error: ld returned 1 exit status
make[1]: ディレクトリ `/home/amsl/AMSL_ros_pkg/roomba_robot_meiji/roomba_teleop_meiji/CMakeFiles/CMakeTmp' から出ます
make[1]: *** [cmTryCompileExec120405897] エラー 1
make: *** [cmTryCompileExec120405897/fast] エラー 2


Determining if the pthread_create exist failed with the following output:
Change Dir: /home/amsl/AMSL_ros_pkg/roomba_robot_meiji/roomba_teleop_meiji/CMakeFiles/CMakeTmp

Run Build Command:/usr/bin/make "cmTryCompileExec3804480010/fast"
make[1]: ディレクトリ `/home/amsl/AMSL_ros_pkg/roomba_robot_meiji/roomba_teleop_meiji/CMakeFiles/CMakeTmp' に入ります
/usr/bin/make -f CMakeFiles/cmTryCompileExec3804480010.dir/build.make CMakeFiles/cmTryCompileExec3804480010.dir/build
make[2]: ディレクトリ `/home/amsl/AMSL_ros_pkg/roomba_robot_meiji/roomba_teleop_meiji/CMakeFiles/CMakeTmp' に入ります
/usr/bin/cmake -E cmake_progress_report /home/amsl/AMSL_ros_pkg/roomba_robot_meiji/roomba_teleop_meiji/CMakeFiles/CMakeTmp/CMakeFiles 1
Building C object CMakeFiles/cmTryCompileExec3804480010.dir/CheckSymbolExists.c.o
/usr/bin/cc    -o CMakeFiles/cmTryCompileExec3804480010.dir/CheckSymbolExists.c.o   -c /home/amsl/AMSL_ros_pkg/roomba_robot_meiji/roomba_teleop_meiji/CMakeFiles/CMakeTmp/CheckSymbolExists.c
Linking C executable cmTryCompileExec3804480010
/usr/bin/cmake -E cmake_link_script CMakeFiles/cmTryCompileExec3804480010.dir/link.txt --verbose=1
/usr/bin/cc       CMakeFiles/cmTryCompileExec3804480010.dir/CheckSymbolExists.c.o  -o cmTryCompileExec3804480010 -rdynamic 
CMakeFiles/cmTryCompileExec3804480010.dir/CheckSymbolExists.c.o: 関数 `main' 内:
CheckSymbolExists.c:(.text+0x16): `pthread_create' に対する定義されていない参照です
collect2: error: ld returned 1 exit status
make[2]: *** [cmTryCompileExec3804480010] エラー 1
make[2]: ディレクトリ `/home/amsl/AMSL_ros_pkg/roomba_robot_meiji/roomba_teleop_meiji/CMakeFiles/CMakeTmp' から出ます
make[1]: *** [cmTryCompileExec3804480010/fast] エラー 2
make[1]: ディレクトリ `/home/amsl/AMSL_ros_pkg/roomba_robot_meiji/roomba_teleop_meiji/CMakeFiles/CMakeTmp' から出ます

File /home/amsl/AMSL_ros_pkg/roomba_robot_meiji/roomba_teleop_meiji/CMakeFiles/CMakeTmp/CheckSymbolExists.c:
/* */
#include <pthread.h>

int main(int argc, char** argv)
{
  (void)argv;
#ifndef pthread_create
  return ((int*)(&pthread_create))[argc];
#else
  (void)argc;
  return 0;
#endif
}

Determining if the function pthread_create exists in the pthreads failed with the following output:
Change Dir: /home/amsl/AMSL_ros_pkg/roomba_robot_meiji/roomba_teleop_meiji/CMakeFiles/CMakeTmp

Run Build Command:/usr/bin/make "cmTryCompileExec2098745481/fast"
make[1]: ディレクトリ `/home/amsl/AMSL_ros_pkg/roomba_robot_meiji/roomba_teleop_meiji/CMakeFiles/CMakeTmp' に入ります
/usr/bin/make -f CMakeFiles/cmTryCompileExec2098745481.dir/build.make CMakeFiles/cmTryCompileExec2098745481.dir/build
make[2]: ディレクトリ `/home/amsl/AMSL_ros_pkg/roomba_robot_meiji/roomba_teleop_meiji/CMakeFiles/CMakeTmp' に入ります
/usr/bin/cmake -E cmake_progress_report /home/amsl/AMSL_ros_pkg/roomba_robot_meiji/roomba_teleop_meiji/CMakeFiles/CMakeTmp/CMakeFiles 1
Building C object CMakeFiles/cmTryCompileExec2098745481.dir/CheckFunctionExists.c.o
/usr/bin/cc   -DCHECK_FUNCTION_EXISTS=pthread_create   -o CMakeFiles/cmTryCompileExec2098745481.dir/CheckFunctionExists.c.o   -c /usr/share/cmake-2.8/Modules/CheckFunctionExists.c
Linking C executable cmTryCompileExec2098745481
/usr/bin/cmake -E cmake_link_script CMakeFiles/cmTryCompileExec2098745481.dir/link.txt --verbose=1
/usr/bin/cc   -DCHECK_FUNCTION_EXISTS=pthread_create    CMakeFiles/cmTryCompileExec2098745481.dir/CheckFunctionExists.c.o  -o cmTryCompileExec2098745481 -rdynamic -lpthreads 
/usr/bin/ld: -lpthreads が見つかりません
collect2: error: ld returned 1 exit status
make[2]: *** [cmTryCompileExec2098745481] エラー 1
make[2]: ディレクトリ `/home/amsl/AMSL_ros_pkg/roomba_robot_meiji/roomba_teleop_meiji/CMakeFiles/CMakeTmp' から出ます
make[1]: *** [cmTryCompileExec2098745481/fast] エラー 2
make[1]: ディレクトリ `/home/amsl/AMSL_ros_pkg/roomba_robot_meiji/roomba_teleop_meiji/CMakeFiles/CMakeTmp' から出ます


